#
# There is insufficient memory for the Java Runtime Environment to continue.
# Native memory allocation (malloc) failed to allocate 1088816 bytes for Chunk::new
# Possible reasons:
#   The system is out of physical RAM or swap space
#   In 32 bit mode, the process size limit was hit
# Possible solutions:
#   Reduce memory load on the system
#   Increase physical memory or swap space
#   Check if swap backing store is full
#   Use 64 bit Java on a 64 bit OS
#   Decrease Java heap size (-Xmx/-Xms)
#   Decrease number of Java threads
#   Decrease Java thread stack sizes (-Xss)
#   Set larger code cache with -XX:ReservedCodeCacheSize=
# This output file may be truncated or incomplete.
#
#  Out of Memory Error (allocation.cpp:390), pid=4496, tid=0x0000000000001ca4
#
# JRE version: Java(TM) SE Runtime Environment (8.0_131-b11) (build 1.8.0_131-b11)
# Java VM: Java HotSpot(TM) 64-Bit Server VM (25.131-b11 mixed mode windows-amd64 compressed oops)
# Failed to write core dump. Minidumps are not enabled by default on client versions of Windows
#

---------------  T H R E A D  ---------------

Current thread (0x0000000014eb1000):  JavaThread "C2 CompilerThread1" daemon [_thread_in_native, id=7332, stack(0x00000000152b0000,0x00000000153b0000)]

Stack: [0x00000000152b0000,0x00000000153b0000]
[error occurred during error reporting (printing stack bounds), id 0xc0000005]

Native frames: (J=compiled Java code, j=interpreted, Vv=VM code, C=native code)


Current CompileTask:
C2: 266119 4416   !   4       java.net.URLClassLoader$1::run (63 bytes)


---------------  P R O C E S S  ---------------

Java Threads: ( => current thread )
  0x000000001674a000 JavaThread "http-nio-auto-1-Acceptor" daemon [_thread_in_native, id=8896, stack(0x000000001f460000,0x000000001f560000)]
  0x0000000016748800 JavaThread "http-nio-auto-1-ClientPoller" daemon [_thread_in_native, id=1360, stack(0x000000001f360000,0x000000001f460000)]
  0x000000001674b800 JavaThread "http-nio-auto-1-exec-10" daemon [_thread_blocked, id=6340, stack(0x000000001f260000,0x000000001f360000)]
  0x000000001acff800 JavaThread "http-nio-auto-1-exec-9" daemon [_thread_blocked, id=5512, stack(0x000000001f160000,0x000000001f260000)]
  0x000000001acfc800 JavaThread "http-nio-auto-1-exec-8" daemon [_thread_blocked, id=8752, stack(0x000000001f060000,0x000000001f160000)]
  0x000000001acfb000 JavaThread "http-nio-auto-1-exec-7" daemon [_thread_blocked, id=9052, stack(0x000000001ef60000,0x000000001f060000)]
  0x000000001acfe800 JavaThread "http-nio-auto-1-exec-6" daemon [_thread_blocked, id=5156, stack(0x000000001ee60000,0x000000001ef60000)]
  0x000000001acfb800 JavaThread "http-nio-auto-1-exec-5" daemon [_thread_blocked, id=1964, stack(0x000000001ed60000,0x000000001ee60000)]
  0x000000001ad01000 JavaThread "http-nio-auto-1-exec-4" daemon [_thread_blocked, id=7520, stack(0x000000001ec60000,0x000000001ed60000)]
  0x000000001ad00000 JavaThread "http-nio-auto-1-exec-3" daemon [_thread_blocked, id=5908, stack(0x000000001eb60000,0x000000001ec60000)]
  0x000000001ad01800 JavaThread "http-nio-auto-1-exec-2" daemon [_thread_blocked, id=5360, stack(0x000000001ea60000,0x000000001eb60000)]
  0x000000001acfd000 JavaThread "http-nio-auto-1-exec-1" daemon [_thread_in_vm, id=2812, stack(0x000000001e960000,0x000000001ea60000)]
  0x000000001acfe000 JavaThread "http-nio-auto-1-BlockPoller" daemon [_thread_in_native, id=8256, stack(0x000000001e860000,0x000000001e960000)]
  0x0000000019d0e800 JavaThread "HikariPool-1 housekeeper" daemon [_thread_blocked, id=8476, stack(0x000000001d760000,0x000000001d860000)]
  0x0000000016363000 JavaThread "container-0" [_thread_blocked, id=2588, stack(0x000000001d260000,0x000000001d360000)]
  0x0000000019481800 JavaThread "Catalina-utility-2" [_thread_blocked, id=8920, stack(0x000000001d160000,0x000000001d260000)]
  0x000000001652e800 JavaThread "Catalina-utility-1" [_thread_blocked, id=5300, stack(0x000000001be40000,0x000000001bf40000)]
  0x0000000015869800 JavaThread "ReaderThread" [_thread_in_native, id=5344, stack(0x0000000015eb0000,0x0000000015fb0000)]
  0x0000000014eba800 JavaThread "Service Thread" daemon [_thread_blocked, id=6696, stack(0x00000000154b0000,0x00000000155b0000)]
  0x0000000014eb6000 JavaThread "C1 CompilerThread2" daemon [_thread_blocked, id=4508, stack(0x00000000153b0000,0x00000000154b0000)]
=>0x0000000014eb1000 JavaThread "C2 CompilerThread1" daemon [_thread_in_native, id=7332, stack(0x00000000152b0000,0x00000000153b0000)]
  0x0000000013763800 JavaThread "C2 CompilerThread0" daemon [_thread_in_native, id=5500, stack(0x0000000014db0000,0x0000000014eb0000)]
  0x0000000013762000 JavaThread "Attach Listener" daemon [_thread_blocked, id=3176, stack(0x0000000014cb0000,0x0000000014db0000)]
  0x0000000013761000 JavaThread "Signal Dispatcher" daemon [_thread_blocked, id=5916, stack(0x0000000014bb0000,0x0000000014cb0000)]
  0x000000001374b000 JavaThread "Finalizer" daemon [_thread_blocked, id=8228, stack(0x00000000149c0000,0x0000000014ac0000)]
  0x00000000023d5000 JavaThread "Reference Handler" daemon [_thread_blocked, id=8584, stack(0x00000000148c0000,0x00000000149c0000)]
  0x00000000022e5000 JavaThread "main" [_thread_in_native, id=4012, stack(0x00000000021e0000,0x00000000022e0000)]

Other Threads:
  0x0000000013727800 VMThread [stack: 0x00000000147c0000,0x00000000148c0000] [id=2028]
  0x0000000014f11000 WatcherThread [stack: 0x00000000155b0000,0x00000000156b0000] [id=8388]

VM state:not at safepoint (normal execution)

VM Mutex/Monitor currently owned by a thread: None

Heap:
 PSYoungGen      total 154624K, used 24674K [0x00000000f5b80000, 0x0000000100000000, 0x0000000100000000)
  eden space 140800K, 11% used [0x00000000f5b80000,0x00000000f6bfa2d8,0x00000000fe500000)
  from space 13824K, 56% used [0x00000000fe500000,0x00000000fec9e6a0,0x00000000ff280000)
  to   space 13824K, 0% used [0x00000000ff280000,0x00000000ff280000,0x0000000100000000)
 ParOldGen       total 46592K, used 28889K [0x00000000e1200000, 0x00000000e3f80000, 0x00000000f5b80000)
  object space 46592K, 62% used [0x00000000e1200000,0x00000000e2e36610,0x00000000e3f80000)
 Metaspace       used 58450K, capacity 61214K, committed 61312K, reserved 1101824K
  class space    used 8071K, capacity 8521K, committed 8576K, reserved 1048576K

Card table byte_map: [0x00000000117a0000,0x00000000118a0000] byte_map_base: 0x0000000011097000

Marking Bits: (ParMarkBitMap*) 0x000000006e1cc720
 Begin Bits: [0x0000000011d50000, 0x0000000012508000)
 End Bits:   [0x0000000012508000, 0x0000000012cc0000)

Polling page: 0x0000000002110000

CodeCache: size=245760Kb used=14799Kb max_used=15163Kb free=230960Kb
 bounds [0x00000000023e0000, 0x00000000032d0000, 0x00000000113e0000]
 total_blobs=4338 nmethods=3794 adapters=456
 compilation: enabled

Compilation events (10 events):
Event: 261.595 Thread 0x0000000013763800 nmethod 4412 0x0000000002c99d50 code [0x0000000002c99f60, 0x0000000002c9a0b8]
Event: 261.631 Thread 0x0000000013763800 4413       4       java.lang.String::regionMatches (149 bytes)
Event: 261.663 Thread 0x0000000013763800 nmethod 4413 0x00000000029ba7d0 code [0x00000000029ba960, 0x00000000029bb178]
Event: 261.685 Thread 0x0000000014eb1000 nmethod 4411 0x0000000002f35010 code [0x0000000002f352c0, 0x0000000002f36d10]
Event: 261.685 Thread 0x0000000014eb1000 4414       4       java.lang.String::equalsIgnoreCase (48 bytes)
Event: 261.689 Thread 0x0000000014eb1000 nmethod 4414 0x00000000027d34d0 code [0x00000000027d3620, 0x00000000027d3708]
Event: 262.283 Thread 0x0000000014eb6000 4415       3       java.util.concurrent.locks.ReentrantLock$NonfairSync::tryAcquire (6 bytes)
Event: 262.284 Thread 0x0000000014eb6000 nmethod 4415 0x00000000024ea4d0 code [0x00000000024ea640, 0x00000000024ea848]
Event: 263.343 Thread 0x0000000014eb1000 4416   !   4       java.net.URLClassLoader$1::run (63 bytes)
Event: 263.343 Thread 0x0000000013763800 4417       4       java.net.URLClassLoader$1::run (5 bytes)

GC Heap History (10 events):
Event: 69.235 GC heap before
{Heap before GC invocations=14 (full 1):
 PSYoungGen      total 156160K, used 11677K [0x00000000f5b80000, 0x0000000100000000, 0x0000000100000000)
  eden space 148480K, 3% used [0x00000000f5b80000,0x00000000f60d4700,0x00000000fec80000)
  from space 7680K, 80% used [0x00000000ff480000,0x00000000ffa92ec0,0x00000000ffc00000)
  to   space 8192K, 0% used [0x00000000fec80000,0x00000000fec80000,0x00000000ff480000)
 ParOldGen       total 19456K, used 14325K [0x00000000e1200000, 0x00000000e2500000, 0x00000000f5b80000)
  object space 19456K, 73% used [0x00000000e1200000,0x00000000e1ffd5e8,0x00000000e2500000)
 Metaspace       used 33706K, capacity 35440K, committed 35456K, reserved 1079296K
  class space    used 4407K, capacity 4730K, committed 4736K, reserved 1048576K
Event: 69.275 GC heap after
Heap after GC invocations=14 (full 1):
 PSYoungGen      total 156672K, used 160K [0x00000000f5b80000, 0x0000000100000000, 0x0000000100000000)
  eden space 148480K, 0% used [0x00000000f5b80000,0x00000000f5b80000,0x00000000fec80000)
  from space 8192K, 1% used [0x00000000fec80000,0x00000000feca8000,0x00000000ff480000)
  to   space 8704K, 0% used [0x00000000ff780000,0x00000000ff780000,0x0000000100000000)
 ParOldGen       total 19456K, used 17591K [0x00000000e1200000, 0x00000000e2500000, 0x00000000f5b80000)
  object space 19456K, 90% used [0x00000000e1200000,0x00000000e232df28,0x00000000e2500000)
 Metaspace       used 33706K, capacity 35440K, committed 35456K, reserved 1079296K
  class space    used 4407K, capacity 4730K, committed 4736K, reserved 1048576K
}
Event: 69.276 GC heap before
{Heap before GC invocations=15 (full 2):
 PSYoungGen      total 156672K, used 160K [0x00000000f5b80000, 0x0000000100000000, 0x0000000100000000)
  eden space 148480K, 0% used [0x00000000f5b80000,0x00000000f5b80000,0x00000000fec80000)
  from space 8192K, 1% used [0x00000000fec80000,0x00000000feca8000,0x00000000ff480000)
  to   space 8704K, 0% used [0x00000000ff780000,0x00000000ff780000,0x0000000100000000)
 ParOldGen       total 19456K, used 17591K [0x00000000e1200000, 0x00000000e2500000, 0x00000000f5b80000)
  object space 19456K, 90% used [0x00000000e1200000,0x00000000e232df28,0x00000000e2500000)
 Metaspace       used 33706K, capacity 35440K, committed 35456K, reserved 1079296K
  class space    used 4407K, capacity 4730K, committed 4736K, reserved 1048576K
Event: 69.565 GC heap after
Heap after GC invocations=15 (full 2):
 PSYoungGen      total 156672K, used 0K [0x00000000f5b80000, 0x0000000100000000, 0x0000000100000000)
  eden space 148480K, 0% used [0x00000000f5b80000,0x00000000f5b80000,0x00000000fec80000)
  from space 8192K, 0% used [0x00000000fec80000,0x00000000fec80000,0x00000000ff480000)
  to   space 8704K, 0% used [0x00000000ff780000,0x00000000ff780000,0x0000000100000000)
 ParOldGen       total 27136K, used 11897K [0x00000000e1200000, 0x00000000e2c80000, 0x00000000f5b80000)
  object space 27136K, 43% used [0x00000000e1200000,0x00000000e1d9e590,0x00000000e2c80000)
 Metaspace       used 33706K, capacity 35440K, committed 35456K, reserved 1079296K
  class space    used 4407K, capacity 4730K, committed 4736K, reserved 1048576K
}
Event: 141.709 GC heap before
{Heap before GC invocations=16 (full 2):
 PSYoungGen      total 156672K, used 148480K [0x00000000f5b80000, 0x0000000100000000, 0x0000000100000000)
  eden space 148480K, 100% used [0x00000000f5b80000,0x00000000fec80000,0x00000000fec80000)
  from space 8192K, 0% used [0x00000000fec80000,0x00000000fec80000,0x00000000ff480000)
  to   space 8704K, 0% used [0x00000000ff780000,0x00000000ff780000,0x0000000100000000)
 ParOldGen       total 27136K, used 11897K [0x00000000e1200000, 0x00000000e2c80000, 0x00000000f5b80000)
  object space 27136K, 43% used [0x00000000e1200000,0x00000000e1d9e590,0x00000000e2c80000)
 Metaspace       used 51655K, capacity 53620K, committed 54144K, reserved 1095680K
  class space    used 7077K, capacity 7434K, committed 7552K, reserved 1048576K
Event: 142.832 GC heap after
Heap after GC invocations=16 (full 2):
 PSYoungGen      total 149504K, used 8683K [0x00000000f5b80000, 0x0000000100000000, 0x0000000100000000)
  eden space 140800K, 0% used [0x00000000f5b80000,0x00000000f5b80000,0x00000000fe500000)
  from space 8704K, 99% used [0x00000000ff780000,0x00000000ffffaff8,0x0000000100000000)
  to   space 13824K, 0% used [0x00000000fe500000,0x00000000fe500000,0x00000000ff280000)
 ParOldGen       total 27136K, used 21855K [0x00000000e1200000, 0x00000000e2c80000, 0x00000000f5b80000)
  object space 27136K, 80% used [0x00000000e1200000,0x00000000e2757e70,0x00000000e2c80000)
 Metaspace       used 51655K, capacity 53620K, committed 54144K, reserved 1095680K
  class space    used 7077K, capacity 7434K, committed 7552K, reserved 1048576K
}
Event: 142.833 GC heap before
{Heap before GC invocations=17 (full 3):
 PSYoungGen      total 149504K, used 8683K [0x00000000f5b80000, 0x0000000100000000, 0x0000000100000000)
  eden space 140800K, 0% used [0x00000000f5b80000,0x00000000f5b80000,0x00000000fe500000)
  from space 8704K, 99% used [0x00000000ff780000,0x00000000ffffaff8,0x0000000100000000)
  to   space 13824K, 0% used [0x00000000fe500000,0x00000000fe500000,0x00000000ff280000)
 ParOldGen       total 27136K, used 21855K [0x00000000e1200000, 0x00000000e2c80000, 0x00000000f5b80000)
  object space 27136K, 80% used [0x00000000e1200000,0x00000000e2757e70,0x00000000e2c80000)
 Metaspace       used 51655K, capacity 53620K, committed 54144K, reserved 1095680K
  class space    used 7077K, capacity 7434K, committed 7552K, reserved 1048576K
Event: 144.167 GC heap after
Heap after GC invocations=17 (full 3):
 PSYoungGen      total 149504K, used 2396K [0x00000000f5b80000, 0x0000000100000000, 0x0000000100000000)
  eden space 140800K, 0% used [0x00000000f5b80000,0x00000000f5b80000,0x00000000fe500000)
  from space 8704K, 27% used [0x00000000ff780000,0x00000000ff9d7230,0x0000000100000000)
  to   space 13824K, 0% used [0x00000000fe500000,0x00000000fe500000,0x00000000ff280000)
 ParOldGen       total 46592K, used 27123K [0x00000000e1200000, 0x00000000e3f80000, 0x00000000f5b80000)
  object space 46592K, 58% used [0x00000000e1200000,0x00000000e2c7cf28,0x00000000e3f80000)
 Metaspace       used 51655K, capacity 53620K, committed 54144K, reserved 1095680K
  class space    used 7077K, capacity 7434K, committed 7552K, reserved 1048576K
}
Event: 246.227 GC heap before
{Heap before GC invocations=18 (full 3):
 PSYoungGen      total 149504K, used 143196K [0x00000000f5b80000, 0x0000000100000000, 0x0000000100000000)
  eden space 140800K, 100% used [0x00000000f5b80000,0x00000000fe500000,0x00000000fe500000)
  from space 8704K, 27% used [0x00000000ff780000,0x00000000ff9d7230,0x0000000100000000)
  to   space 13824K, 0% used [0x00000000fe500000,0x00000000fe500000,0x00000000ff280000)
 ParOldGen       total 46592K, used 27123K [0x00000000e1200000, 0x00000000e3f80000, 0x00000000f5b80000)
  object space 46592K, 58% used [0x00000000e1200000,0x00000000e2c7cf28,0x00000000e3f80000)
 Metaspace       used 56423K, capacity 59166K, committed 59264K, reserved 1099776K
  class space    used 7834K, capacity 8279K, committed 8320K, reserved 1048576K
Event: 248.285 GC heap after
Heap after GC invocations=18 (full 3):
 PSYoungGen      total 154624K, used 7801K [0x00000000f5b80000, 0x0000000100000000, 0x0000000100000000)
  eden space 140800K, 0% used [0x00000000f5b80000,0x00000000f5b80000,0x00000000fe500000)
  from space 13824K, 56% used [0x00000000fe500000,0x00000000fec9e6a0,0x00000000ff280000)
  to   space 13824K, 0% used [0x00000000ff280000,0x00000000ff280000,0x0000000100000000)
 ParOldGen       total 46592K, used 28889K [0x00000000e1200000, 0x00000000e3f80000, 0x00000000f5b80000)
  object space 46592K, 62% used [0x00000000e1200000,0x00000000e2e36610,0x00000000e3f80000)
 Metaspace       used 56423K, capacity 59166K, committed 59264K, reserved 1099776K
  class space    used 7834K, capacity 8279K, committed 8320K, reserved 1048576K
}

Deoptimization events (10 events):
Event: 237.133 Thread 0x00000000022e5000 Uncommon trap: reason=unstable_if action=reinterpret pc=0x0000000002bbe500 method=org.springframework.core.annotation.AnnotationsScanner.isWithoutHierarchy(Ljava/lang/reflect/AnnotatedElement;Lorg/springframework/core/annotation/MergedAnnotations$SearchSt
Event: 239.271 Thread 0x00000000022e5000 Uncommon trap: reason=unstable_if action=reinterpret pc=0x0000000002c07158 method=org.springframework.util.ConcurrentReferenceHashMap$Segment.clear()V @ 7
Event: 241.936 Thread 0x00000000022e5000 Uncommon trap: reason=class_check action=maybe_recompile pc=0x0000000002fa87a4 method=java.lang.reflect.Executable.getAnnotation(Ljava/lang/Class;)Ljava/lang/annotation/Annotation; @ 19
Event: 244.520 Thread 0x00000000022e5000 Uncommon trap: reason=bimorphic action=maybe_recompile pc=0x00000000026fd908 method=java.util.regex.Matcher.match(II)Z @ 86
Event: 245.017 Thread 0x00000000022e5000 Uncommon trap: reason=bimorphic action=maybe_recompile pc=0x0000000002f5b298 method=java.net.URL.<init>(Ljava/net/URL;Ljava/lang/String;Ljava/net/URLStreamHandler;)V @ 504
Event: 245.018 Thread 0x00000000022e5000 Uncommon trap: reason=class_check action=maybe_recompile pc=0x0000000002f9aab0 method=java.net.URLStreamHandler.parseURL(Ljava/net/URL;Ljava/lang/String;II)V @ 1189
Event: 251.487 Thread 0x000000001acfd000 Uncommon trap: reason=unstable_if action=reinterpret pc=0x0000000003184588 method=org.springframework.core.annotation.TypeMappedAnnotations$IsPresent.doWithAnnotations(Ljava/lang/Object;ILjava/lang/Object;[Ljava/lang/annotation/Annotation;)Ljava/lang/Bool
Event: 251.685 Thread 0x000000001acfd000 Uncommon trap: reason=unstable_if action=reinterpret pc=0x00000000031d61dc method=org.springframework.transaction.annotation.SpringTransactionAnnotationParser.parseTransactionAnnotation(Ljava/lang/reflect/AnnotatedElement;)Lorg/springframework/transaction
Event: 255.730 Thread 0x000000001acfd000 Uncommon trap: reason=unstable_if action=reinterpret pc=0x0000000002dc7720 method=java.util.StringTokenizer.scanToken(I)I @ 96
Event: 261.259 Thread 0x000000001acfd000 Uncommon trap: reason=unstable_if action=reinterpret pc=0x0000000002501600 method=java.lang.CharacterData.of(I)Ljava/lang/CharacterData; @ 4

Internal exceptions (10 events):
Event: 250.624 Thread 0x000000001acfd000 Exception <a 'java/lang/ClassNotFoundException': org/springframework/web/servlet/theme/AbstractThemeResolverCustomizer> (0x00000000f5f496b8) thrown at [C:\re\workspace\8-2-build-windows-amd64-cygwin\jdk8u131\8869\hotspot\src\share\vm\classfile\systemDicti
Event: 250.640 Thread 0x000000001acfd000 Exception <a 'java/lang/ClassNotFoundException': org/springframework/web/servlet/theme/FixedThemeResolverCustomizer> (0x00000000f5f6e810) thrown at [C:\re\workspace\8-2-build-windows-amd64-cygwin\jdk8u131\8869\hotspot\src\share\vm\classfile\systemDictiona
Event: 250.655 Thread 0x000000001acfd000 Exception <a 'java/lang/ClassNotFoundException': org/springframework/web/servlet/ThemeResolverCustomizer> (0x00000000f5f90358) thrown at [C:\re\workspace\8-2-build-windows-amd64-cygwin\jdk8u131\8869\hotspot\src\share\vm\classfile\systemDictionary.cpp, lin
Event: 250.710 Thread 0x000000001acfd000 Exception <a 'java/lang/ClassNotFoundException': java/lang/ObjectCustomizer> (0x00000000f5fb5260) thrown at [C:\re\workspace\8-2-build-windows-amd64-cygwin\jdk8u131\8869\hotspot\src\share\vm\classfile\systemDictionary.cpp, line 210]
Event: 250.736 Thread 0x000000001acfd000 Exception <a 'java/lang/ClassNotFoundException': org/springframework/web/servlet/view/DefaultRequestToViewNameTranslatorCustomizer> (0x00000000f5fdf498) thrown at [C:\re\workspace\8-2-build-windows-amd64-cygwin\jdk8u131\8869\hotspot\src\share\vm\classfile
Event: 250.783 Thread 0x000000001acfd000 Exception <a 'java/lang/ClassNotFoundException': org/springframework/web/servlet/RequestToViewNameTranslatorCustomizer> (0x00000000f60141c0) thrown at [C:\re\workspace\8-2-build-windows-amd64-cygwin\jdk8u131\8869\hotspot\src\share\vm\classfile\systemDicti
Event: 250.880 Thread 0x000000001acfd000 Exception <a 'java/lang/ClassNotFoundException': java/lang/ObjectCustomizer> (0x00000000f6057420) thrown at [C:\re\workspace\8-2-build-windows-amd64-cygwin\jdk8u131\8869\hotspot\src\share\vm\classfile\systemDictionary.cpp, line 210]
Event: 250.900 Thread 0x000000001acfd000 Exception <a 'java/lang/ClassNotFoundException': org/springframework/web/servlet/support/AbstractFlashMapManagerCustomizer> (0x00000000f607ec60) thrown at [C:\re\workspace\8-2-build-windows-amd64-cygwin\jdk8u131\8869\hotspot\src\share\vm\classfile\systemD
Event: 250.917 Thread 0x000000001acfd000 Exception <a 'java/lang/ClassNotFoundException': org/springframework/web/servlet/support/SessionFlashMapManagerCustomizer> (0x00000000f60aa3b8) thrown at [C:\re\workspace\8-2-build-windows-amd64-cygwin\jdk8u131\8869\hotspot\src\share\vm\classfile\systemDi
Event: 250.952 Thread 0x000000001acfd000 Exception <a 'java/lang/ClassNotFoundException': org/springframework/web/servlet/FlashMapManagerCustomizer> (0x00000000f60cbeb0) thrown at [C:\re\workspace\8-2-build-windows-amd64-cygwin\jdk8u131\8869\hotspot\src\share\vm\classfile\systemDictionary.cpp, l

Events (10 events):
Event: 263.902 loading class org/hibernate/hql/internal/ast/tree/FromClause$2
Event: 263.902 loading class org/hibernate/hql/internal/ast/tree/FromClause$2 done
Event: 263.904 loading class org/hibernate/hql/internal/ast/tree/FromClause$3
Event: 263.904 loading class org/hibernate/hql/internal/ast/tree/FromClause$3 done
Event: 263.905 loading class org/hibernate/hql/internal/ast/tree/FromClause$4
Event: 263.905 loading class org/hibernate/hql/internal/ast/tree/FromClause$4 done
Event: 263.963 loading class org/hibernate/hql/internal/ast/tree/DotNode
Event: 263.963 loading class org/hibernate/hql/internal/ast/tree/DotNode done
Event: 264.098 loading class org/hibernate/hql/internal/ast/tree/FromReferenceNode
Event: 264.098 loading class org/hibernate/hql/internal/ast/tree/FromReferenceNode done


Dynamic libraries:
0x00007ff7e9e70000 - 0x00007ff7e9ea7000 	C:\Program Files\Java\jdk1.8.0_131\bin\javaw.exe
0x00007fff75d80000 - 0x00007fff75f52000 	C:\WINDOWS\SYSTEM32\ntdll.dll
0x00007fff755e0000 - 0x00007fff7568c000 	C:\WINDOWS\System32\KERNEL32.DLL
0x00007fff6d610000 - 0x00007fff6d624000 	C:\Program Files\AVAST Software\Avast\aswhook.dll
0x00007fff72730000 - 0x00007fff7294d000 	C:\WINDOWS\System32\KERNELBASE.dll
0x00007fff70870000 - 0x00007fff708ea000 	C:\WINDOWS\system32\apphelp.dll
0x00007fff74a70000 - 0x00007fff74b12000 	C:\WINDOWS\System32\ADVAPI32.dll
0x00007fff75750000 - 0x00007fff757ee000 	C:\WINDOWS\System32\msvcrt.dll
0x00007fff75cb0000 - 0x00007fff75d09000 	C:\WINDOWS\System32\sechost.dll
0x00007fff74fb0000 - 0x00007fff750d1000 	C:\WINDOWS\System32\RPCRT4.dll
0x00007fff75470000 - 0x00007fff755d5000 	C:\WINDOWS\System32\USER32.dll
0x00007fff72550000 - 0x00007fff7256e000 	C:\WINDOWS\System32\win32u.dll
0x00007fff75ba0000 - 0x00007fff75bd4000 	C:\WINDOWS\System32\GDI32.dll
0x00007fff72950000 - 0x00007fff72ad0000 	C:\WINDOWS\System32\gdi32full.dll
0x00007fff66dd0000 - 0x00007fff6704a000 	C:\WINDOWS\WinSxS\amd64_microsoft.windows.common-controls_6595b64144ccf1df_6.0.14393.953_none_42151e83c686086b\COMCTL32.dll
0x00007fff75860000 - 0x00007fff75b28000 	C:\WINDOWS\System32\combase.dll
0x00007fff72450000 - 0x00007fff72545000 	C:\WINDOWS\System32\ucrtbase.dll
0x00007fff72610000 - 0x00007fff7267a000 	C:\WINDOWS\System32\bcryptPrimitives.dll
0x00007fff75be0000 - 0x00007fff75c0e000 	C:\WINDOWS\System32\IMM32.DLL
0x000000006e250000 - 0x000000006e322000 	C:\Program Files\Java\jdk1.8.0_131\jre\bin\msvcr100.dll
0x000000006d9b0000 - 0x000000006e24c000 	C:\Program Files\Java\jdk1.8.0_131\jre\bin\server\jvm.dll
0x00007fff75850000 - 0x00007fff75858000 	C:\WINDOWS\System32\PSAPI.DLL
0x00007fff6f540000 - 0x00007fff6f549000 	C:\WINDOWS\SYSTEM32\WSOCK32.dll
0x00007fff75d10000 - 0x00007fff75d7a000 	C:\WINDOWS\System32\WS2_32.dll
0x00007fff70750000 - 0x00007fff70773000 	C:\WINDOWS\SYSTEM32\WINMM.dll
0x00007fff65f40000 - 0x00007fff65f4a000 	C:\WINDOWS\SYSTEM32\VERSION.dll
0x00007fff70610000 - 0x00007fff7063b000 	C:\WINDOWS\SYSTEM32\WINMMBASE.dll
0x00007fff72680000 - 0x00007fff726c2000 	C:\WINDOWS\System32\cfgmgr32.dll
0x000000006d9a0000 - 0x000000006d9af000 	C:\Program Files\Java\jdk1.8.0_131\jre\bin\verify.dll
0x000000006d970000 - 0x000000006d999000 	C:\Program Files\Java\jdk1.8.0_131\jre\bin\java.dll
0x000000006d950000 - 0x000000006d966000 	C:\Program Files\Java\jdk1.8.0_131\jre\bin\zip.dll
0x00007fff73310000 - 0x00007fff74819000 	C:\WINDOWS\System32\SHELL32.dll
0x00007fff72c30000 - 0x00007fff73309000 	C:\WINDOWS\System32\windows.storage.dll
0x00007fff72230000 - 0x00007fff7227c000 	C:\WINDOWS\System32\powrprof.dll
0x00007fff74f50000 - 0x00007fff74fa2000 	C:\WINDOWS\System32\shlwapi.dll
0x00007fff72220000 - 0x00007fff7222f000 	C:\WINDOWS\System32\kernel.appcore.dll
0x00007fff72b80000 - 0x00007fff72c29000 	C:\WINDOWS\System32\shcore.dll
0x00007fff72200000 - 0x00007fff72214000 	C:\WINDOWS\System32\profapi.dll
0x000000006d930000 - 0x000000006d94a000 	C:\Program Files\Java\jdk1.8.0_131\jre\bin\net.dll
0x00007fff71ac0000 - 0x00007fff71b1c000 	C:\WINDOWS\system32\mswsock.dll
0x000000006d910000 - 0x000000006d921000 	C:\Program Files\Java\jdk1.8.0_131\jre\bin\nio.dll
0x000000006d8c0000 - 0x000000006d8cd000 	C:\Program Files\Java\jdk1.8.0_131\jre\bin\management.dll
0x00007fff5e750000 - 0x00007fff5e766000 	C:\WINDOWS\system32\napinsp.dll
0x00007fff5e730000 - 0x00007fff5e74a000 	C:\WINDOWS\system32\pnrpnsp.dll
0x00007fff6fc00000 - 0x00007fff6fc18000 	C:\WINDOWS\system32\NLAapi.dll
0x00007fff71880000 - 0x00007fff71921000 	C:\WINDOWS\SYSTEM32\DNSAPI.dll
0x00007fff750e0000 - 0x00007fff750e8000 	C:\WINDOWS\System32\NSI.dll
0x00007fff71840000 - 0x00007fff71878000 	C:\WINDOWS\SYSTEM32\IPHLPAPI.DLL
0x00007fff5e720000 - 0x00007fff5e72e000 	C:\WINDOWS\System32\winrnr.dll
0x00007fff5e700000 - 0x00007fff5e715000 	C:\WINDOWS\System32\wshbth.dll
0x00007fff61620000 - 0x00007fff6162a000 	C:\Windows\System32\rasadhlp.dll
0x00007fff67c30000 - 0x00007fff67c9a000 	C:\WINDOWS\System32\fwpuclnt.dll
0x00007fff72140000 - 0x00007fff7216b000 	C:\WINDOWS\SYSTEM32\bcrypt.dll
0x00007fff71c60000 - 0x00007fff71c77000 	C:\WINDOWS\SYSTEM32\CRYPTSP.dll
0x00007fff716c0000 - 0x00007fff716f3000 	C:\WINDOWS\system32\rsaenh.dll
0x00007fff71940000 - 0x00007fff7195f000 	C:\WINDOWS\SYSTEM32\USERENV.dll
0x00007fff72120000 - 0x00007fff7212b000 	C:\WINDOWS\SYSTEM32\CRYPTBASE.dll
0x00007fff6b7f0000 - 0x00007fff6b806000 	C:\WINDOWS\SYSTEM32\dhcpcsvc6.DLL
0x00007fff6bef0000 - 0x00007fff6bf0a000 	C:\WINDOWS\SYSTEM32\dhcpcsvc.DLL

VM Arguments:
jvm_args: -ea -Dfile.encoding=UTF-8 
java_command: org.eclipse.jdt.internal.junit.runner.RemoteTestRunner -version 3 -port 53476 -testLoaderClass org.eclipse.jdt.internal.junit4.runner.JUnit4TestLoader -loaderpluginname org.eclipse.jdt.junit4.runtime -classNames com.tert.integrationtest.ContactControllerIT
java_class_path (initial): C:\Users\domssi\Desktop\demo\ContactProject\target\test-classes;C:\Users\domssi\Desktop\demo\ContactProject\target\classes;D:\eclipse-jee-2019-06-R-win32-x86_64\eclipse\plugins\org.junit_4.12.0.v201504281640\junit.jar;D:\eclipse-jee-2019-06-R-win32-x86_64\eclipse\plugins\org.hamcrest.core_1.3.0.v20180420-1519.jar;C:\Users\domssi\.m2\repository\org\springframework\boot\spring-boot-starter-data-jpa\2.2.0.RELEASE\spring-boot-starter-data-jpa-2.2.0.RELEASE.jar;C:\Users\domssi\.m2\repository\org\springframework\boot\spring-boot-starter-aop\2.2.0.RELEASE\spring-boot-starter-aop-2.2.0.RELEASE.jar;C:\Users\domssi\.m2\repository\org\springframework\spring-aop\5.2.0.RELEASE\spring-aop-5.2.0.RELEASE.jar;C:\Users\domssi\.m2\repository\org\aspectj\aspectjweaver\1.9.4\aspectjweaver-1.9.4.jar;C:\Users\domssi\.m2\repository\org\springframework\boot\spring-boot-starter-jdbc\2.2.0.RELEASE\spring-boot-starter-jdbc-2.2.0.RELEASE.jar;C:\Users\domssi\.m2\repository\com\zaxxer\HikariCP\3.4.1\HikariCP-3.4.1.jar;C:\Users\domssi\.m2\repository\org\springframework\spring-jdbc\5.2.0.RELEASE\spring-jdbc-5.2.0.RELEASE.jar;C:\Users\domssi\.m2\repository\jakarta\activation\jakarta.activation-api\1.2.1\jakarta.activation-api-1.2.1.jar;C:\Users\domssi\.m2\repository\jakarta\persistence\jakarta.persistence-api\2.2.3\jakarta.persistence-api-2.2.3.jar;C:\Users\domssi\.m2\repository\jakarta\transaction\jakarta.transaction-api\1.3.3\jakarta.transaction-api-1.3.3.jar;C:\Users\domssi\.m2\repository\org\hibernate\hibernate-core\5.4.6.Final\hibernate-core-5.4.6.Final.jar;C:\Users\domssi\.m2\repository\org\jboss\logging\jboss-logging\3.4.1.Final\jboss-logging-3.4.1.Final.jar;C:\Users\domssi\.m2\repository\org\javassist\javassist\3.24.0-GA\javassist-3.24.0-GA.jar;C:\Users\domssi\.m2\repository\net\bytebuddy\byte-buddy\1.10.1\byte-buddy-1.10.1.jar;C:\Users\domssi\.m2\repository\antlr\antlr\2.7.7\antlr-2.7.7.jar;C:\Users\domssi\.m2\repository\org\jboss\jandex\2.0.5.Final\jandex-2.0.5
Launcher Type: SUN_STANDARD

Environment Variables:
PATH=C:\WINDOWS\system32;C:\WINDOWS;C:\WINDOWS\System32\Wbem;C:\WINDOWS\System32\WindowsPowerShell\v1.0\;C:\Program Files\nodejs\;C:\Program Files\Git\cmd;C:\a\apache-maven-3.6.0\bin;C:\Program Files\Java\jdk1.8.0_131\bin;C:\Users\domssi\AppData\Local\Microsoft\WindowsApps;C:\Users\domssi\AppData\Roaming\npm;C:\Users\domssi\AppData\Local\GitHubDesktop\bin
USERNAME=domssi
OS=Windows_NT
PROCESSOR_IDENTIFIER=Intel64 Family 6 Model 76 Stepping 4, GenuineIntel



---------------  S Y S T E M  ---------------

OS: Windows 10.0 , 64 bit Build 14393 (10.0.14393.2189)

CPU:total 4 (initial active 4) (4 cores per cpu, 1 threads per core) family 6 model 76 stepping 4, cmov, cx8, fxsr, mmx, sse, sse2, sse3, ssse3, sse4.1, sse4.2, popcnt, aes, clmul, erms, 3dnowpref, tsc, tscinvbit

Memory: 4k page, physical 2019372k(21628k free), swap 5678376k(3288k free)

vm_info: Java HotSpot(TM) 64-Bit Server VM (25.131-b11) for windows-amd64 JRE (1.8.0_131-b11), built on Mar 15 2017 01:23:53 by "java_re" with MS VC++ 10.0 (VS2010)

time: Wed Oct 30 13:50:54 2019
elapsed time: 266 seconds (0d 0h 4m 26s)

