#
# There is insufficient memory for the Java Runtime Environment to continue.
# Native memory allocation (malloc) failed to allocate 1635888 bytes for Chunk::new
# Possible reasons:
#   The system is out of physical RAM or swap space
#   In 32 bit mode, the process size limit was hit
# Possible solutions:
#   Reduce memory load on the system
#   Increase physical memory or swap space
#   Check if swap backing store is full
#   Use 64 bit Java on a 64 bit OS
#   Decrease Java heap size (-Xmx/-Xms)
#   Decrease number of Java threads
#   Decrease Java thread stack sizes (-Xss)
#   Set larger code cache with -XX:ReservedCodeCacheSize=
# This output file may be truncated or incomplete.
#
#  Out of Memory Error (allocation.cpp:390), pid=6108, tid=0x000000000000148c
#
# JRE version: Java(TM) SE Runtime Environment (8.0_131-b11) (build 1.8.0_131-b11)
# Java VM: Java HotSpot(TM) 64-Bit Server VM (25.131-b11 mixed mode windows-amd64 compressed oops)
# Failed to write core dump. Minidumps are not enabled by default on client versions of Windows
#

---------------  T H R E A D  ---------------

Current thread (0x000000001393d800):  JavaThread "C2 CompilerThread1" daemon [_thread_in_native, id=5260, stack(0x0000000015440000,0x0000000015540000)]

Stack: [0x0000000015440000,0x0000000015540000]
[error occurred during error reporting (printing stack bounds), id 0xc0000005]

Native frames: (J=compiled Java code, j=interpreted, Vv=VM code, C=native code)


Current CompileTask:
C2: 260580 4423       4       java.net.URLClassLoader$1::run (5 bytes)


---------------  P R O C E S S  ---------------

Java Threads: ( => current thread )
  0x00000000162cb000 JavaThread "http-nio-auto-1-Acceptor" daemon [_thread_in_native, id=696, stack(0x000000001f5c0000,0x000000001f6c0000)]
  0x00000000162ca000 JavaThread "http-nio-auto-1-ClientPoller" daemon [_thread_in_native, id=8548, stack(0x000000001f4c0000,0x000000001f5c0000)]
  0x00000000162d0000 JavaThread "http-nio-auto-1-exec-10" daemon [_thread_blocked, id=4904, stack(0x000000001f2c0000,0x000000001f3c0000)]
  0x00000000162cf800 JavaThread "http-nio-auto-1-exec-9" daemon [_thread_blocked, id=5292, stack(0x000000001f1c0000,0x000000001f2c0000)]
  0x00000000162ce000 JavaThread "http-nio-auto-1-exec-8" daemon [_thread_blocked, id=2824, stack(0x000000001f0c0000,0x000000001f1c0000)]
  0x00000000162ce800 JavaThread "http-nio-auto-1-exec-7" daemon [_thread_blocked, id=8840, stack(0x000000001efc0000,0x000000001f0c0000)]
  0x00000000162cb800 JavaThread "http-nio-auto-1-exec-6" daemon [_thread_blocked, id=7420, stack(0x000000001eec0000,0x000000001efc0000)]
  0x00000000162d1000 JavaThread "http-nio-auto-1-exec-5" daemon [_thread_blocked, id=6036, stack(0x000000001edc0000,0x000000001eec0000)]
  0x00000000162cd000 JavaThread "http-nio-auto-1-exec-4" daemon [_thread_blocked, id=6112, stack(0x000000001ecc0000,0x000000001edc0000)]
  0x00000000168b8800 JavaThread "http-nio-auto-1-exec-3" daemon [_thread_blocked, id=3368, stack(0x000000001e960000,0x000000001ea60000)]
  0x00000000168b7800 JavaThread "http-nio-auto-1-exec-2" daemon [_thread_blocked, id=6532, stack(0x000000001e860000,0x000000001e960000)]
  0x000000001af91800 JavaThread "http-nio-auto-1-exec-1" daemon [_thread_in_vm, id=8600, stack(0x000000001e760000,0x000000001e860000)]
  0x0000000015ed6000 JavaThread "http-nio-auto-1-BlockPoller" daemon [_thread_in_native, id=604, stack(0x000000001e660000,0x000000001e760000)]
  0x000000001955e800 JavaThread "HikariPool-1 housekeeper" daemon [_thread_blocked, id=1620, stack(0x000000001d760000,0x000000001d860000)]
  0x0000000016cb9800 JavaThread "container-0" [_thread_blocked, id=4608, stack(0x000000001d260000,0x000000001d360000)]
  0x0000000016c90000 JavaThread "Catalina-utility-2" [_thread_blocked, id=9160, stack(0x000000001d160000,0x000000001d260000)]
  0x00000000196d2000 JavaThread "Catalina-utility-1" [_thread_blocked, id=2012, stack(0x000000001d060000,0x000000001d160000)]
  0x0000000015a16800 JavaThread "ReaderThread" [_thread_in_native, id=7024, stack(0x0000000016040000,0x0000000016140000)]
  0x0000000015054000 JavaThread "Service Thread" daemon [_thread_blocked, id=4860, stack(0x0000000015640000,0x0000000015740000)]
  0x0000000015047800 JavaThread "C1 CompilerThread2" daemon [_thread_blocked, id=5608, stack(0x0000000015540000,0x0000000015640000)]
=>0x000000001393d800 JavaThread "C2 CompilerThread1" daemon [_thread_in_native, id=5260, stack(0x0000000015440000,0x0000000015540000)]
  0x00000000138e4800 JavaThread "C2 CompilerThread0" daemon [_thread_in_native, id=7496, stack(0x0000000014f40000,0x0000000015040000)]
  0x00000000138e3800 JavaThread "Attach Listener" daemon [_thread_blocked, id=7292, stack(0x0000000014e40000,0x0000000014f40000)]
  0x00000000138e2000 JavaThread "Signal Dispatcher" daemon [_thread_blocked, id=1224, stack(0x0000000014d40000,0x0000000014e40000)]
  0x00000000138ca800 JavaThread "Finalizer" daemon [_thread_blocked, id=8212, stack(0x0000000014b50000,0x0000000014c50000)]
  0x00000000138a9000 JavaThread "Reference Handler" daemon [_thread_blocked, id=8300, stack(0x0000000014a50000,0x0000000014b50000)]
  0x0000000002465000 JavaThread "main" [_thread_in_native, id=7456, stack(0x0000000002320000,0x0000000002420000)]

Other Threads:
  0x00000000138a7800 VMThread [stack: 0x0000000014950000,0x0000000014a50000] [id=2780]
  0x0000000015080000 WatcherThread [stack: 0x0000000015740000,0x0000000015840000] [id=8864]

VM state:not at safepoint (normal execution)

VM Mutex/Monitor currently owned by a thread: None

Heap:
 PSYoungGen      total 107008K, used 17643K [0x00000000f5b80000, 0x00000000feb80000, 0x0000000100000000)
  eden space 96768K, 18% used [0x00000000f5b80000,0x00000000f6cbaf18,0x00000000fba00000)
  from space 10240K, 0% used [0x00000000fba00000,0x00000000fba00000,0x00000000fc400000)
  to   space 9728K, 0% used [0x00000000fe200000,0x00000000fe200000,0x00000000feb80000)
 ParOldGen       total 47104K, used 19214K [0x00000000e1200000, 0x00000000e4000000, 0x00000000f5b80000)
  object space 47104K, 40% used [0x00000000e1200000,0x00000000e24c3978,0x00000000e4000000)
 Metaspace       used 58432K, capacity 61246K, committed 61352K, reserved 1101824K
  class space    used 8077K, capacity 8553K, committed 8624K, reserved 1048576K

Card table byte_map: [0x0000000011920000,0x0000000011a20000] byte_map_base: 0x0000000011217000

Marking Bits: (ParMarkBitMap*) 0x000000006e1cc720
 Begin Bits: [0x0000000011ed0000, 0x0000000012688000)
 End Bits:   [0x0000000012688000, 0x0000000012e40000)

Polling page: 0x0000000000950000

CodeCache: size=245760Kb used=14417Kb max_used=14756Kb free=231342Kb
 bounds [0x0000000002560000, 0x00000000033f0000, 0x0000000011560000]
 total_blobs=4329 nmethods=3785 adapters=456
 compilation: enabled

Compilation events (10 events):
Event: 252.417 Thread 0x0000000015047800 4421       3       java.net.URLClassLoader::access$100 (7 bytes)
Event: 252.418 Thread 0x0000000015047800 nmethod 4421 0x0000000002bdd590 code [0x0000000002bdd700, 0x0000000002bdd868]
Event: 252.595 Thread 0x00000000138e4800 nmethod 4420 0x000000000312d6d0 code [0x000000000312d940, 0x000000000312fa18]
Event: 252.595 Thread 0x00000000138e4800 4422       4       java.lang.String::equalsIgnoreCase (48 bytes)
Event: 252.597 Thread 0x000000001393d800 nmethod 4419 0x0000000002fafb90 code [0x0000000002fafe20, 0x0000000002fb2018]
Event: 252.637 Thread 0x00000000138e4800 nmethod 4422 0x00000000026df850 code [0x00000000026df9e0, 0x00000000026e0118]
Event: 252.718 Thread 0x000000001393d800 4423       4       java.net.URLClassLoader$1::run (5 bytes)
Event: 252.743 Thread 0x00000000138e4800 4424   !   4       java.net.URLClassLoader$1::run (63 bytes)
Event: 255.312 Thread 0x0000000015047800 4425       3       java.util.concurrent.locks.LockSupport::setBlocker (12 bytes)
Event: 255.316 Thread 0x0000000015047800 nmethod 4425 0x0000000002800550 code [0x00000000028006a0, 0x00000000028007f0]

GC Heap History (10 events):
Event: 125.408 GC heap before
{Heap before GC invocations=18 (full 2):
 PSYoungGen      total 69120K, used 62976K [0x00000000f5b80000, 0x00000000fb000000, 0x0000000100000000)
  eden space 62976K, 100% used [0x00000000f5b80000,0x00000000f9900000,0x00000000f9900000)
  from space 6144K, 0% used [0x00000000f9900000,0x00000000f9900000,0x00000000f9f00000)
  to   space 6144K, 0% used [0x00000000faa00000,0x00000000faa00000,0x00000000fb000000)
 ParOldGen       total 36864K, used 12629K [0x00000000e1200000, 0x00000000e3600000, 0x00000000f5b80000)
  object space 36864K, 34% used [0x00000000e1200000,0x00000000e1e555c0,0x00000000e3600000)
 Metaspace       used 42056K, capacity 43908K, committed 44200K, reserved 1087488K
  class space    used 5645K, capacity 6006K, committed 6064K, reserved 1048576K
Event: 125.436 GC heap after
Heap after GC invocations=18 (full 2):
 PSYoungGen      total 78336K, used 6127K [0x00000000f5b80000, 0x00000000fb480000, 0x0000000100000000)
  eden space 72192K, 0% used [0x00000000f5b80000,0x00000000f5b80000,0x00000000fa200000)
  from space 6144K, 99% used [0x00000000faa00000,0x00000000faffbe10,0x00000000fb000000)
  to   space 8192K, 0% used [0x00000000fa200000,0x00000000fa200000,0x00000000faa00000)
 ParOldGen       total 36864K, used 15305K [0x00000000e1200000, 0x00000000e3600000, 0x00000000f5b80000)
  object space 36864K, 41% used [0x00000000e1200000,0x00000000e20f2490,0x00000000e3600000)
 Metaspace       used 42056K, capacity 43908K, committed 44200K, reserved 1087488K
  class space    used 5645K, capacity 6006K, committed 6064K, reserved 1048576K
}
Event: 134.141 GC heap before
{Heap before GC invocations=19 (full 2):
 PSYoungGen      total 78336K, used 78319K [0x00000000f5b80000, 0x00000000fb480000, 0x0000000100000000)
  eden space 72192K, 100% used [0x00000000f5b80000,0x00000000fa200000,0x00000000fa200000)
  from space 6144K, 99% used [0x00000000faa00000,0x00000000faffbe10,0x00000000fb000000)
  to   space 8192K, 0% used [0x00000000fa200000,0x00000000fa200000,0x00000000faa00000)
 ParOldGen       total 36864K, used 15305K [0x00000000e1200000, 0x00000000e3600000, 0x00000000f5b80000)
  object space 36864K, 41% used [0x00000000e1200000,0x00000000e20f2490,0x00000000e3600000)
 Metaspace       used 50528K, capacity 52448K, committed 52904K, reserved 1095680K
  class space    used 6955K, capacity 7324K, committed 7344K, reserved 1048576K
Event: 137.759 GC heap after
Heap after GC invocations=19 (full 2):
 PSYoungGen      total 80384K, used 8186K [0x00000000f5b80000, 0x00000000fce80000, 0x0000000100000000)
  eden space 72192K, 0% used [0x00000000f5b80000,0x00000000f5b80000,0x00000000fa200000)
  from space 8192K, 99% used [0x00000000fa200000,0x00000000fa9fe860,0x00000000faa00000)
  to   space 10240K, 0% used [0x00000000fc480000,0x00000000fc480000,0x00000000fce80000)
 ParOldGen       total 36864K, used 18375K [0x00000000e1200000, 0x00000000e3600000, 0x00000000f5b80000)
  object space 36864K, 49% used [0x00000000e1200000,0x00000000e23f1e08,0x00000000e3600000)
 Metaspace       used 50528K, capacity 52448K, committed 52904K, reserved 1095680K
  class space    used 6955K, capacity 7324K, committed 7344K, reserved 1048576K
}
Event: 168.331 GC heap before
{Heap before GC invocations=20 (full 2):
 PSYoungGen      total 80384K, used 80378K [0x00000000f5b80000, 0x00000000fce80000, 0x0000000100000000)
  eden space 72192K, 100% used [0x00000000f5b80000,0x00000000fa200000,0x00000000fa200000)
  from space 8192K, 99% used [0x00000000fa200000,0x00000000fa9fe860,0x00000000faa00000)
  to   space 10240K, 0% used [0x00000000fc480000,0x00000000fc480000,0x00000000fce80000)
 ParOldGen       total 36864K, used 18375K [0x00000000e1200000, 0x00000000e3600000, 0x00000000f5b80000)
  object space 36864K, 49% used [0x00000000e1200000,0x00000000e23f1e08,0x00000000e3600000)
 Metaspace       used 53773K, capacity 56204K, committed 56488K, reserved 1097728K
  class space    used 7412K, capacity 7814K, committed 7856K, reserved 1048576K
Event: 168.774 GC heap after
Heap after GC invocations=20 (full 2):
 PSYoungGen      total 106496K, used 5462K [0x00000000f5b80000, 0x00000000fce00000, 0x0000000100000000)
  eden space 96768K, 0% used [0x00000000f5b80000,0x00000000f5b80000,0x00000000fba00000)
  from space 9728K, 56% used [0x00000000fc480000,0x00000000fc9d5be8,0x00000000fce00000)
  to   space 10240K, 0% used [0x00000000fba00000,0x00000000fba00000,0x00000000fc400000)
 ParOldGen       total 36864K, used 20313K [0x00000000e1200000, 0x00000000e3600000, 0x00000000f5b80000)
  object space 36864K, 55% used [0x00000000e1200000,0x00000000e25d64a8,0x00000000e3600000)
 Metaspace       used 53773K, capacity 56204K, committed 56488K, reserved 1097728K
  class space    used 7412K, capacity 7814K, committed 7856K, reserved 1048576K
}
Event: 242.005 GC heap before
{Heap before GC invocations=21 (full 2):
 PSYoungGen      total 106496K, used 80968K [0x00000000f5b80000, 0x00000000fce00000, 0x0000000100000000)
  eden space 96768K, 78% used [0x00000000f5b80000,0x00000000fa53c5a8,0x00000000fba00000)
  from space 9728K, 56% used [0x00000000fc480000,0x00000000fc9d5be8,0x00000000fce00000)
  to   space 10240K, 0% used [0x00000000fba00000,0x00000000fba00000,0x00000000fc400000)
 ParOldGen       total 36864K, used 20313K [0x00000000e1200000, 0x00000000e3600000, 0x00000000f5b80000)
  object space 36864K, 55% used [0x00000000e1200000,0x00000000e25d64a8,0x00000000e3600000)
 Metaspace       used 56378K, capacity 59038K, committed 59160K, reserved 1099776K
  class space    used 7811K, capacity 8279K, committed 8368K, reserved 1048576K
Event: 242.693 GC heap after
Heap after GC invocations=21 (full 2):
 PSYoungGen      total 107008K, used 3849K [0x00000000f5b80000, 0x00000000feb80000, 0x0000000100000000)
  eden space 96768K, 0% used [0x00000000f5b80000,0x00000000f5b80000,0x00000000fba00000)
  from space 10240K, 37% used [0x00000000fba00000,0x00000000fbdc27d0,0x00000000fc400000)
  to   space 9728K, 0% used [0x00000000fe200000,0x00000000fe200000,0x00000000feb80000)
 ParOldGen       total 36864K, used 22761K [0x00000000e1200000, 0x00000000e3600000, 0x00000000f5b80000)
  object space 36864K, 61% used [0x00000000e1200000,0x00000000e283a4b8,0x00000000e3600000)
 Metaspace       used 56378K, capacity 59038K, committed 59160K, reserved 1099776K
  class space    used 7811K, capacity 8279K, committed 8368K, reserved 1048576K
}
Event: 242.694 GC heap before
{Heap before GC invocations=22 (full 3):
 PSYoungGen      total 107008K, used 3849K [0x00000000f5b80000, 0x00000000feb80000, 0x0000000100000000)
  eden space 96768K, 0% used [0x00000000f5b80000,0x00000000f5b80000,0x00000000fba00000)
  from space 10240K, 37% used [0x00000000fba00000,0x00000000fbdc27d0,0x00000000fc400000)
  to   space 9728K, 0% used [0x00000000fe200000,0x00000000fe200000,0x00000000feb80000)
 ParOldGen       total 36864K, used 22761K [0x00000000e1200000, 0x00000000e3600000, 0x00000000f5b80000)
  object space 36864K, 61% used [0x00000000e1200000,0x00000000e283a4b8,0x00000000e3600000)
 Metaspace       used 56378K, capacity 59038K, committed 59160K, reserved 1099776K
  class space    used 7811K, capacity 8279K, committed 8368K, reserved 1048576K
Event: 244.947 GC heap after
Heap after GC invocations=22 (full 3):
 PSYoungGen      total 107008K, used 0K [0x00000000f5b80000, 0x00000000feb80000, 0x0000000100000000)
  eden space 96768K, 0% used [0x00000000f5b80000,0x00000000f5b80000,0x00000000fba00000)
  from space 10240K, 0% used [0x00000000fba00000,0x00000000fba00000,0x00000000fc400000)
  to   space 9728K, 0% used [0x00000000fe200000,0x00000000fe200000,0x00000000feb80000)
 ParOldGen       total 47104K, used 19214K [0x00000000e1200000, 0x00000000e4000000, 0x00000000f5b80000)
  object space 47104K, 40% used [0x00000000e1200000,0x00000000e24c3978,0x00000000e4000000)
 Metaspace       used 56378K, capacity 59038K, committed 59160K, reserved 1099776K
  class space    used 7811K, capacity 8279K, committed 8368K, reserved 1048576K
}

Deoptimization events (10 events):
Event: 234.391 Thread 0x0000000002465000 Uncommon trap: reason=class_check action=maybe_recompile pc=0x00000000030f7564 method=java.lang.reflect.Executable.getAnnotation(Ljava/lang/Class;)Ljava/lang/annotation/Annotation; @ 19
Event: 234.691 Thread 0x0000000002465000 Uncommon trap: reason=unstable_if action=reinterpret pc=0x00000000033a159c method=org.springframework.transaction.interceptor.AbstractFallbackTransactionAttributeSource.computeTransactionAttribute(Ljava/lang/reflect/Method;Ljava/lang/Class;)Lorg/springfra
Event: 234.732 Thread 0x0000000002465000 Uncommon trap: reason=bimorphic action=maybe_recompile pc=0x00000000030bbe84 method=org.springframework.core.annotation.AnnotationsScanner.processMethodAnnotations(Ljava/lang/Object;ILjava/lang/reflect/Method;Lorg/springframework/core/annotation/Annotatio
Event: 237.285 Thread 0x0000000002465000 Uncommon trap: reason=bimorphic action=maybe_recompile pc=0x00000000026a97f0 method=java.util.regex.Matcher.match(II)Z @ 86
Event: 237.288 Thread 0x0000000002465000 Uncommon trap: reason=bimorphic action=maybe_recompile pc=0x00000000033a84c4 method=java.util.regex.Pattern$Slice.match(Ljava/util/regex/Matcher;ILjava/lang/CharSequence;)Z @ 75
Event: 239.969 Thread 0x0000000002465000 Uncommon trap: reason=bimorphic action=maybe_recompile pc=0x0000000002bfb50c method=java.net.URL.<init>(Ljava/net/URL;Ljava/lang/String;Ljava/net/URLStreamHandler;)V @ 504
Event: 239.970 Thread 0x0000000002465000 Uncommon trap: reason=class_check action=maybe_recompile pc=0x00000000030e5c10 method=java.net.URLStreamHandler.parseURL(Ljava/net/URL;Ljava/lang/String;II)V @ 1189
Event: 247.339 Thread 0x000000001af91800 Uncommon trap: reason=unstable_if action=reinterpret pc=0x00000000032b6984 method=org.springframework.core.annotation.TypeMappedAnnotations$IsPresent.doWithAnnotations(Ljava/lang/Object;ILjava/lang/Object;[Ljava/lang/annotation/Annotation;)Ljava/lang/Bool
Event: 251.068 Thread 0x000000001af91800 Uncommon trap: reason=unstable_if action=reinterpret pc=0x0000000002f5cc20 method=java.util.StringTokenizer.scanToken(I)I @ 96
Event: 251.901 Thread 0x000000001af91800 Uncommon trap: reason=unstable_if action=reinterpret pc=0x0000000002681f00 method=java.lang.CharacterData.of(I)Ljava/lang/CharacterData; @ 4

Internal exceptions (10 events):
Event: 246.442 Thread 0x000000001af91800 Exception <a 'java/lang/ClassNotFoundException': org/springframework/web/servlet/theme/AbstractThemeResolverCustomizer> (0x00000000f60a78e0) thrown at [C:\re\workspace\8-2-build-windows-amd64-cygwin\jdk8u131\8869\hotspot\src\share\vm\classfile\systemDicti
Event: 246.454 Thread 0x000000001af91800 Exception <a 'java/lang/ClassNotFoundException': org/springframework/web/servlet/theme/FixedThemeResolverCustomizer> (0x00000000f60cc9c8) thrown at [C:\re\workspace\8-2-build-windows-amd64-cygwin\jdk8u131\8869\hotspot\src\share\vm\classfile\systemDictiona
Event: 246.467 Thread 0x000000001af91800 Exception <a 'java/lang/ClassNotFoundException': org/springframework/web/servlet/ThemeResolverCustomizer> (0x00000000f60ee530) thrown at [C:\re\workspace\8-2-build-windows-amd64-cygwin\jdk8u131\8869\hotspot\src\share\vm\classfile\systemDictionary.cpp, lin
Event: 246.512 Thread 0x000000001af91800 Exception <a 'java/lang/ClassNotFoundException': java/lang/ObjectCustomizer> (0x00000000f6113630) thrown at [C:\re\workspace\8-2-build-windows-amd64-cygwin\jdk8u131\8869\hotspot\src\share\vm\classfile\systemDictionary.cpp, line 210]
Event: 246.526 Thread 0x000000001af91800 Exception <a 'java/lang/ClassNotFoundException': org/springframework/web/servlet/view/DefaultRequestToViewNameTranslatorCustomizer> (0x00000000f613d878) thrown at [C:\re\workspace\8-2-build-windows-amd64-cygwin\jdk8u131\8869\hotspot\src\share\vm\classfile
Event: 246.550 Thread 0x000000001af91800 Exception <a 'java/lang/ClassNotFoundException': org/springframework/web/servlet/RequestToViewNameTranslatorCustomizer> (0x00000000f6172690) thrown at [C:\re\workspace\8-2-build-windows-amd64-cygwin\jdk8u131\8869\hotspot\src\share\vm\classfile\systemDicti
Event: 246.597 Thread 0x000000001af91800 Exception <a 'java/lang/ClassNotFoundException': java/lang/ObjectCustomizer> (0x00000000f61b5a38) thrown at [C:\re\workspace\8-2-build-windows-amd64-cygwin\jdk8u131\8869\hotspot\src\share\vm\classfile\systemDictionary.cpp, line 210]
Event: 246.626 Thread 0x000000001af91800 Exception <a 'java/lang/ClassNotFoundException': org/springframework/web/servlet/support/AbstractFlashMapManagerCustomizer> (0x00000000f61dd2a8) thrown at [C:\re\workspace\8-2-build-windows-amd64-cygwin\jdk8u131\8869\hotspot\src\share\vm\classfile\systemD
Event: 246.662 Thread 0x000000001af91800 Exception <a 'java/lang/ClassNotFoundException': org/springframework/web/servlet/support/SessionFlashMapManagerCustomizer> (0x00000000f6208a10) thrown at [C:\re\workspace\8-2-build-windows-amd64-cygwin\jdk8u131\8869\hotspot\src\share\vm\classfile\systemDi
Event: 246.691 Thread 0x000000001af91800 Exception <a 'java/lang/ClassNotFoundException': org/springframework/web/servlet/FlashMapManagerCustomizer> (0x00000000f622a550) thrown at [C:\re\workspace\8-2-build-windows-amd64-cygwin\jdk8u131\8869\hotspot\src\share\vm\classfile\systemDictionary.cpp, l

Events (10 events):
Event: 254.047 loading class org/hibernate/hql/internal/ast/tree/FromClause$4
Event: 254.047 loading class org/hibernate/hql/internal/ast/tree/FromClause$4 done
Event: 254.066 loading class org/hibernate/hql/internal/ast/tree/DotNode
Event: 254.066 loading class org/hibernate/hql/internal/ast/tree/DotNode done
Event: 254.096 loading class org/hibernate/hql/internal/ast/tree/FromReferenceNode
Event: 254.096 loading class org/hibernate/hql/internal/ast/tree/FromReferenceNode done
Event: 254.136 loading class org/hibernate/hql/internal/ast/tree/ResolvableNode
Event: 254.136 loading class org/hibernate/hql/internal/ast/tree/ResolvableNode done
Event: 254.155 loading class org/hibernate/hql/internal/ast/tree/PathNode
Event: 254.155 loading class org/hibernate/hql/internal/ast/tree/PathNode done


Dynamic libraries:
0x00007ff7e9e70000 - 0x00007ff7e9ea7000 	C:\Program Files\Java\jdk1.8.0_131\bin\javaw.exe
0x00007fff75d80000 - 0x00007fff75f52000 	C:\WINDOWS\SYSTEM32\ntdll.dll
0x00007fff755e0000 - 0x00007fff7568c000 	C:\WINDOWS\System32\KERNEL32.DLL
0x00007fff6d610000 - 0x00007fff6d624000 	C:\Program Files\AVAST Software\Avast\aswhook.dll
0x00007fff72730000 - 0x00007fff7294d000 	C:\WINDOWS\System32\KERNELBASE.dll
0x00007fff70870000 - 0x00007fff708ea000 	C:\WINDOWS\system32\apphelp.dll
0x00007fff74a70000 - 0x00007fff74b12000 	C:\WINDOWS\System32\ADVAPI32.dll
0x00007fff75750000 - 0x00007fff757ee000 	C:\WINDOWS\System32\msvcrt.dll
0x00007fff75cb0000 - 0x00007fff75d09000 	C:\WINDOWS\System32\sechost.dll
0x00007fff74fb0000 - 0x00007fff750d1000 	C:\WINDOWS\System32\RPCRT4.dll
0x00007fff75470000 - 0x00007fff755d5000 	C:\WINDOWS\System32\USER32.dll
0x00007fff72550000 - 0x00007fff7256e000 	C:\WINDOWS\System32\win32u.dll
0x00007fff75ba0000 - 0x00007fff75bd4000 	C:\WINDOWS\System32\GDI32.dll
0x00007fff72950000 - 0x00007fff72ad0000 	C:\WINDOWS\System32\gdi32full.dll
0x00007fff66dd0000 - 0x00007fff6704a000 	C:\WINDOWS\WinSxS\amd64_microsoft.windows.common-controls_6595b64144ccf1df_6.0.14393.953_none_42151e83c686086b\COMCTL32.dll
0x00007fff75860000 - 0x00007fff75b28000 	C:\WINDOWS\System32\combase.dll
0x00007fff72450000 - 0x00007fff72545000 	C:\WINDOWS\System32\ucrtbase.dll
0x00007fff72610000 - 0x00007fff7267a000 	C:\WINDOWS\System32\bcryptPrimitives.dll
0x00007fff75be0000 - 0x00007fff75c0e000 	C:\WINDOWS\System32\IMM32.DLL
0x000000006e250000 - 0x000000006e322000 	C:\Program Files\Java\jdk1.8.0_131\jre\bin\msvcr100.dll
0x000000006d9b0000 - 0x000000006e24c000 	C:\Program Files\Java\jdk1.8.0_131\jre\bin\server\jvm.dll
0x00007fff75850000 - 0x00007fff75858000 	C:\WINDOWS\System32\PSAPI.DLL
0x00007fff6f540000 - 0x00007fff6f549000 	C:\WINDOWS\SYSTEM32\WSOCK32.dll
0x00007fff75d10000 - 0x00007fff75d7a000 	C:\WINDOWS\System32\WS2_32.dll
0x00007fff70750000 - 0x00007fff70773000 	C:\WINDOWS\SYSTEM32\WINMM.dll
0x00007fff65f40000 - 0x00007fff65f4a000 	C:\WINDOWS\SYSTEM32\VERSION.dll
0x00007fff70610000 - 0x00007fff7063b000 	C:\WINDOWS\SYSTEM32\WINMMBASE.dll
0x00007fff72680000 - 0x00007fff726c2000 	C:\WINDOWS\System32\cfgmgr32.dll
0x000000006d9a0000 - 0x000000006d9af000 	C:\Program Files\Java\jdk1.8.0_131\jre\bin\verify.dll
0x000000006d970000 - 0x000000006d999000 	C:\Program Files\Java\jdk1.8.0_131\jre\bin\java.dll
0x000000006d950000 - 0x000000006d966000 	C:\Program Files\Java\jdk1.8.0_131\jre\bin\zip.dll
0x00007fff73310000 - 0x00007fff74819000 	C:\WINDOWS\System32\SHELL32.dll
0x00007fff72c30000 - 0x00007fff73309000 	C:\WINDOWS\System32\windows.storage.dll
0x00007fff72230000 - 0x00007fff7227c000 	C:\WINDOWS\System32\powrprof.dll
0x00007fff74f50000 - 0x00007fff74fa2000 	C:\WINDOWS\System32\shlwapi.dll
0x00007fff72220000 - 0x00007fff7222f000 	C:\WINDOWS\System32\kernel.appcore.dll
0x00007fff72b80000 - 0x00007fff72c29000 	C:\WINDOWS\System32\shcore.dll
0x00007fff72200000 - 0x00007fff72214000 	C:\WINDOWS\System32\profapi.dll
0x000000006d930000 - 0x000000006d94a000 	C:\Program Files\Java\jdk1.8.0_131\jre\bin\net.dll
0x00007fff71ac0000 - 0x00007fff71b1c000 	C:\WINDOWS\system32\mswsock.dll
0x000000006d910000 - 0x000000006d921000 	C:\Program Files\Java\jdk1.8.0_131\jre\bin\nio.dll
0x000000006d8c0000 - 0x000000006d8cd000 	C:\Program Files\Java\jdk1.8.0_131\jre\bin\management.dll
0x00007fff5e750000 - 0x00007fff5e766000 	C:\WINDOWS\system32\napinsp.dll
0x00007fff5e730000 - 0x00007fff5e74a000 	C:\WINDOWS\system32\pnrpnsp.dll
0x00007fff6fc00000 - 0x00007fff6fc18000 	C:\WINDOWS\system32\NLAapi.dll
0x00007fff71880000 - 0x00007fff71921000 	C:\WINDOWS\SYSTEM32\DNSAPI.dll
0x00007fff750e0000 - 0x00007fff750e8000 	C:\WINDOWS\System32\NSI.dll
0x00007fff71840000 - 0x00007fff71878000 	C:\WINDOWS\SYSTEM32\IPHLPAPI.DLL
0x00007fff5e720000 - 0x00007fff5e72e000 	C:\WINDOWS\System32\winrnr.dll
0x00007fff5e700000 - 0x00007fff5e715000 	C:\WINDOWS\System32\wshbth.dll
0x00007fff61620000 - 0x00007fff6162a000 	C:\Windows\System32\rasadhlp.dll
0x00007fff67c30000 - 0x00007fff67c9a000 	C:\WINDOWS\System32\fwpuclnt.dll
0x00007fff72140000 - 0x00007fff7216b000 	C:\WINDOWS\SYSTEM32\bcrypt.dll
0x00007fff71c60000 - 0x00007fff71c77000 	C:\WINDOWS\SYSTEM32\CRYPTSP.dll
0x00007fff716c0000 - 0x00007fff716f3000 	C:\WINDOWS\system32\rsaenh.dll
0x00007fff71940000 - 0x00007fff7195f000 	C:\WINDOWS\SYSTEM32\USERENV.dll
0x00007fff72120000 - 0x00007fff7212b000 	C:\WINDOWS\SYSTEM32\CRYPTBASE.dll
0x00007fff6b7f0000 - 0x00007fff6b806000 	C:\WINDOWS\SYSTEM32\dhcpcsvc6.DLL
0x00007fff6bef0000 - 0x00007fff6bf0a000 	C:\WINDOWS\SYSTEM32\dhcpcsvc.DLL

VM Arguments:
jvm_args: -ea -Dfile.encoding=UTF-8 
java_command: org.eclipse.jdt.internal.junit.runner.RemoteTestRunner -version 3 -port 53475 -testLoaderClass org.eclipse.jdt.internal.junit4.runner.JUnit4TestLoader -loaderpluginname org.eclipse.jdt.junit4.runtime -classNames com.tert.integrationtest.ContactControllerIT -testfailures C:\Users\domssi\AppData\Local\Temp\testFailures7215435433959159792.txt
java_class_path (initial): C:\Users\domssi\Desktop\demo\ContactProject\target\test-classes;C:\Users\domssi\Desktop\demo\ContactProject\target\classes;D:\eclipse-jee-2019-06-R-win32-x86_64\eclipse\plugins\org.junit_4.12.0.v201504281640\junit.jar;D:\eclipse-jee-2019-06-R-win32-x86_64\eclipse\plugins\org.hamcrest.core_1.3.0.v20180420-1519.jar;C:\Users\domssi\.m2\repository\org\springframework\boot\spring-boot-starter-data-jpa\2.2.0.RELEASE\spring-boot-starter-data-jpa-2.2.0.RELEASE.jar;C:\Users\domssi\.m2\repository\org\springframework\boot\spring-boot-starter-aop\2.2.0.RELEASE\spring-boot-starter-aop-2.2.0.RELEASE.jar;C:\Users\domssi\.m2\repository\org\springframework\spring-aop\5.2.0.RELEASE\spring-aop-5.2.0.RELEASE.jar;C:\Users\domssi\.m2\repository\org\aspectj\aspectjweaver\1.9.4\aspectjweaver-1.9.4.jar;C:\Users\domssi\.m2\repository\org\springframework\boot\spring-boot-starter-jdbc\2.2.0.RELEASE\spring-boot-starter-jdbc-2.2.0.RELEASE.jar;C:\Users\domssi\.m2\repository\com\zaxxer\HikariCP\3.4.1\HikariCP-3.4.1.jar;C:\Users\domssi\.m2\repository\org\springframework\spring-jdbc\5.2.0.RELEASE\spring-jdbc-5.2.0.RELEASE.jar;C:\Users\domssi\.m2\repository\jakarta\activation\jakarta.activation-api\1.2.1\jakarta.activation-api-1.2.1.jar;C:\Users\domssi\.m2\repository\jakarta\persistence\jakarta.persistence-api\2.2.3\jakarta.persistence-api-2.2.3.jar;C:\Users\domssi\.m2\repository\jakarta\transaction\jakarta.transaction-api\1.3.3\jakarta.transaction-api-1.3.3.jar;C:\Users\domssi\.m2\repository\org\hibernate\hibernate-core\5.4.6.Final\hibernate-core-5.4.6.Final.jar;C:\Users\domssi\.m2\repository\org\jboss\logging\jboss-logging\3.4.1.Final\jboss-logging-3.4.1.Final.jar;C:\Users\domssi\.m2\repository\org\javassist\javassist\3.24.0-GA\javassist-3.24.0-GA.jar;C:\Users\domssi\.m2\repository\net\bytebuddy\byte-buddy\1.10.1\byte-buddy-1.10.1.jar;C:\Users\domssi\.m2\repository\antlr\antlr\2.7.7\antlr-2.7.7.jar;C:\Users\domssi\.m2\repository\org\jboss\jandex\2.0.5.Final\jandex-2.0.5
Launcher Type: SUN_STANDARD

Environment Variables:
PATH=C:\WINDOWS\system32;C:\WINDOWS;C:\WINDOWS\System32\Wbem;C:\WINDOWS\System32\WindowsPowerShell\v1.0\;C:\Program Files\nodejs\;C:\Program Files\Git\cmd;C:\a\apache-maven-3.6.0\bin;C:\Program Files\Java\jdk1.8.0_131\bin;C:\Users\domssi\AppData\Local\Microsoft\WindowsApps;C:\Users\domssi\AppData\Roaming\npm;C:\Users\domssi\AppData\Local\GitHubDesktop\bin
USERNAME=domssi
OS=Windows_NT
PROCESSOR_IDENTIFIER=Intel64 Family 6 Model 76 Stepping 4, GenuineIntel



---------------  S Y S T E M  ---------------

OS: Windows 10.0 , 64 bit Build 14393 (10.0.14393.2189)

CPU:total 4 (initial active 4) (4 cores per cpu, 1 threads per core) family 6 model 76 stepping 4, cmov, cx8, fxsr, mmx, sse, sse2, sse3, ssse3, sse4.1, sse4.2, popcnt, aes, clmul, erms, 3dnowpref, tsc, tscinvbit

Memory: 4k page, physical 2019372k(16552k free), swap 5678376k(6884k free)

vm_info: Java HotSpot(TM) 64-Bit Server VM (25.131-b11) for windows-amd64 JRE (1.8.0_131-b11), built on Mar 15 2017 01:23:53 by "java_re" with MS VC++ 10.0 (VS2010)

time: Wed Oct 30 13:50:48 2019
elapsed time: 260 seconds (0d 0h 4m 20s)

