#
# There is insufficient memory for the Java Runtime Environment to continue.
# Native memory allocation (malloc) failed to allocate 32744 bytes for ChunkPool::allocate
# Possible reasons:
#   The system is out of physical RAM or swap space
#   In 32 bit mode, the process size limit was hit
# Possible solutions:
#   Reduce memory load on the system
#   Increase physical memory or swap space
#   Check if swap backing store is full
#   Use 64 bit Java on a 64 bit OS
#   Decrease Java heap size (-Xmx/-Xms)
#   Decrease number of Java threads
#   Decrease Java thread stack sizes (-Xss)
#   Set larger code cache with -XX:ReservedCodeCacheSize=
# This output file may be truncated or incomplete.
#
#  Out of Memory Error (allocation.cpp:273), pid=8108, tid=0x0000000000001b90
#
# JRE version: Java(TM) SE Runtime Environment (8.0_131-b11) (build 1.8.0_131-b11)
# Java VM: Java HotSpot(TM) 64-Bit Server VM (25.131-b11 mixed mode windows-amd64 compressed oops)
# Failed to write core dump. Minidumps are not enabled by default on client versions of Windows
#

---------------  T H R E A D  ---------------

Current thread (0x0000000015a81000):  JavaThread "C2 CompilerThread1" daemon [_thread_in_native, id=7056, stack(0x0000000015e80000,0x0000000015f80000)]

Stack: [0x0000000015e80000,0x0000000015f80000]
[error occurred during error reporting (printing stack bounds), id 0xc0000005]

Native frames: (J=compiled Java code, j=interpreted, Vv=VM code, C=native code)


Current CompileTask:
C2: 261052 4414       4       java.net.URLClassLoader$1::run (5 bytes)


---------------  P R O C E S S  ---------------

Java Threads: ( => current thread )
  0x00000000172e0800 JavaThread "http-nio-auto-1-Acceptor" daemon [_thread_in_native, id=5740, stack(0x0000000020f60000,0x0000000021060000)]
  0x00000000172de800 JavaThread "http-nio-auto-1-ClientPoller" daemon [_thread_in_native, id=4528, stack(0x0000000020e60000,0x0000000020f60000)]
  0x00000000172db800 JavaThread "http-nio-auto-1-exec-10" daemon [_thread_blocked, id=6296, stack(0x0000000020c60000,0x0000000020d60000)]
  0x00000000172e1800 JavaThread "http-nio-auto-1-exec-9" daemon [_thread_blocked, id=6476, stack(0x0000000020b60000,0x0000000020c60000)]
  0x00000000172df000 JavaThread "http-nio-auto-1-exec-8" daemon [_thread_blocked, id=4728, stack(0x0000000020a60000,0x0000000020b60000)]
  0x00000000172da800 JavaThread "http-nio-auto-1-exec-7" daemon [_thread_blocked, id=9104, stack(0x0000000020960000,0x0000000020a60000)]
  0x00000000172dc000 JavaThread "http-nio-auto-1-exec-6" daemon [_thread_blocked, id=2724, stack(0x000000001f880000,0x000000001f980000)]
  0x00000000172e0000 JavaThread "http-nio-auto-1-exec-5" daemon [_thread_blocked, id=8096, stack(0x000000001f780000,0x000000001f880000)]
  0x00000000172dd800 JavaThread "http-nio-auto-1-exec-4" daemon [_thread_blocked, id=992, stack(0x000000001f680000,0x000000001f780000)]
  0x0000000016e13800 JavaThread "http-nio-auto-1-exec-3" daemon [_thread_blocked, id=212, stack(0x000000001f580000,0x000000001f680000)]
  0x0000000016e12800 JavaThread "http-nio-auto-1-exec-2" daemon [_thread_blocked, id=1472, stack(0x000000001f480000,0x000000001f580000)]
  0x0000000016e11000 JavaThread "http-nio-auto-1-exec-1" daemon [_thread_in_vm, id=6488, stack(0x000000001f380000,0x000000001f480000)]
  0x0000000016e10000 JavaThread "http-nio-auto-1-BlockPoller" daemon [_thread_in_native, id=7156, stack(0x000000001f280000,0x000000001f380000)]
  0x0000000015d53000 JavaThread "HikariPool-1 housekeeper" daemon [_thread_blocked, id=8892, stack(0x000000001e180000,0x000000001e280000)]
  0x0000000016e17000 JavaThread "container-0" [_thread_blocked, id=6684, stack(0x000000001dc80000,0x000000001dd80000)]
  0x0000000016e14000 JavaThread "Catalina-utility-2" [_thread_blocked, id=7608, stack(0x000000001db80000,0x000000001dc80000)]
  0x0000000017597000 JavaThread "Catalina-utility-1" [_thread_blocked, id=6060, stack(0x000000001da80000,0x000000001db80000)]
  0x0000000016454800 JavaThread "ReaderThread" [_thread_in_native, id=6592, stack(0x0000000016a80000,0x0000000016b80000)]
  0x0000000015ab3800 JavaThread "Service Thread" daemon [_thread_blocked, id=4516, stack(0x0000000016080000,0x0000000016180000)]
  0x0000000015a86000 JavaThread "C1 CompilerThread2" daemon [_thread_blocked, id=3212, stack(0x0000000015f80000,0x0000000016080000)]
=>0x0000000015a81000 JavaThread "C2 CompilerThread1" daemon [_thread_in_native, id=7056, stack(0x0000000015e80000,0x0000000015f80000)]
  0x0000000014333800 JavaThread "C2 CompilerThread0" daemon [_thread_in_native, id=584, stack(0x0000000015980000,0x0000000015a80000)]
  0x0000000014332000 JavaThread "Attach Listener" daemon [_thread_blocked, id=5992, stack(0x0000000015880000,0x0000000015980000)]
  0x0000000014331000 JavaThread "Signal Dispatcher" daemon [_thread_blocked, id=1464, stack(0x0000000015780000,0x0000000015880000)]
  0x000000001431b000 JavaThread "Finalizer" daemon [_thread_blocked, id=3796, stack(0x0000000015590000,0x0000000015690000)]
  0x0000000002fa5000 JavaThread "Reference Handler" daemon [_thread_blocked, id=4112, stack(0x0000000015490000,0x0000000015590000)]
  0x0000000002eb5000 JavaThread "main" [_thread_in_native, id=3172, stack(0x0000000002db0000,0x0000000002eb0000)]

Other Threads:
  0x00000000142f7800 VMThread [stack: 0x0000000015390000,0x0000000015490000] [id=6428]
  0x0000000015ab9800 WatcherThread [stack: 0x0000000016180000,0x0000000016280000] [id=5972]

VM state:not at safepoint (normal execution)

VM Mutex/Monitor currently owned by a thread: None

Heap:
 PSYoungGen      total 156160K, used 19763K [0x00000000f5b80000, 0x0000000100000000, 0x0000000100000000)
  eden space 143360K, 13% used [0x00000000f5b80000,0x00000000f6ecced0,0x00000000fe780000)
  from space 12800K, 0% used [0x00000000ff380000,0x00000000ff380000,0x0000000100000000)
  to   space 12288K, 0% used [0x00000000fe780000,0x00000000fe780000,0x00000000ff380000)
 ParOldGen       total 48640K, used 19155K [0x00000000e1200000, 0x00000000e4180000, 0x00000000f5b80000)
  object space 48640K, 39% used [0x00000000e1200000,0x00000000e24b4d40,0x00000000e4180000)
 Metaspace       used 58666K, capacity 61438K, committed 61608K, reserved 1101824K
  class space    used 8104K, capacity 8553K, committed 8624K, reserved 1048576K

Card table byte_map: [0x0000000012370000,0x0000000012470000] byte_map_base: 0x0000000011c67000

Marking Bits: (ParMarkBitMap*) 0x000000006e1cc720
 Begin Bits: [0x0000000012920000, 0x00000000130d8000)
 End Bits:   [0x00000000130d8000, 0x0000000013890000)

Polling page: 0x0000000001450000

CodeCache: size=245760Kb used=14468Kb max_used=14805Kb free=231291Kb
 bounds [0x0000000002fb0000, 0x0000000003e40000, 0x0000000011fb0000]
 total_blobs=4338 nmethods=3794 adapters=456
 compilation: enabled

Compilation events (10 events):
Event: 258.262 Thread 0x0000000015a81000 4411   !   4       java.net.URL::<init> (543 bytes)
Event: 258.682 Thread 0x0000000014333800 4412       4       java.lang.Character::toLowerCase (6 bytes)
Event: 258.686 Thread 0x0000000014333800 nmethod 4412 0x00000000036ecf90 code [0x00000000036ed1a0, 0x00000000036ed318]
Event: 259.191 Thread 0x0000000015a81000 nmethod 4411 0x0000000003a87750 code [0x0000000003a87a00, 0x0000000003a89450]
Event: 259.724 Thread 0x0000000014333800 4413       4       java.lang.String::regionMatches (149 bytes)
Event: 259.751 Thread 0x0000000014333800 nmethod 4413 0x0000000003705a90 code [0x0000000003705c20, 0x0000000003706438]
Event: 259.865 Thread 0x0000000015a81000 4414       4       java.net.URLClassLoader$1::run (5 bytes)
Event: 259.873 Thread 0x0000000014333800 4415   !   4       java.net.URLClassLoader$1::run (63 bytes)
Event: 259.988 Thread 0x0000000015a86000 4416       3       java.net.URLClassLoader::access$100 (7 bytes)
Event: 259.988 Thread 0x0000000015a86000 nmethod 4416 0x00000000033c3f10 code [0x00000000033c4080, 0x00000000033c41e8]

GC Heap History (10 events):
Event: 68.193 GC heap before
{Heap before GC invocations=17 (full 2):
 PSYoungGen      total 102912K, used 2838K [0x00000000f5b80000, 0x00000000fde80000, 0x0000000100000000)
  eden space 96256K, 0% used [0x00000000f5b80000,0x00000000f5b80000,0x00000000fb980000)
  from space 6656K, 42% used [0x00000000fb980000,0x00000000fbc45b78,0x00000000fc000000)
  to   space 6656K, 0% used [0x00000000fd800000,0x00000000fd800000,0x00000000fde80000)
 ParOldGen       total 21504K, used 14317K [0x00000000e1200000, 0x00000000e2700000, 0x00000000f5b80000)
  object space 21504K, 66% used [0x00000000e1200000,0x00000000e1ffb508,0x00000000e2700000)
 Metaspace       used 33665K, capacity 35416K, committed 35496K, reserved 1079296K
  class space    used 4399K, capacity 4724K, committed 4784K, reserved 1048576K
Event: 68.447 GC heap after
Heap after GC invocations=17 (full 2):
 PSYoungGen      total 102912K, used 0K [0x00000000f5b80000, 0x00000000fde80000, 0x0000000100000000)
  eden space 96256K, 0% used [0x00000000f5b80000,0x00000000f5b80000,0x00000000fb980000)
  from space 6656K, 0% used [0x00000000fb980000,0x00000000fb980000,0x00000000fc000000)
  to   space 6656K, 0% used [0x00000000fd800000,0x00000000fd800000,0x00000000fde80000)
 ParOldGen       total 33280K, used 12111K [0x00000000e1200000, 0x00000000e3280000, 0x00000000f5b80000)
  object space 33280K, 36% used [0x00000000e1200000,0x00000000e1dd3c30,0x00000000e3280000)
 Metaspace       used 33665K, capacity 35416K, committed 35496K, reserved 1079296K
  class space    used 4399K, capacity 4724K, committed 4784K, reserved 1048576K
}
Event: 128.658 GC heap before
{Heap before GC invocations=18 (full 2):
 PSYoungGen      total 102912K, used 96256K [0x00000000f5b80000, 0x00000000fde80000, 0x0000000100000000)
  eden space 96256K, 100% used [0x00000000f5b80000,0x00000000fb980000,0x00000000fb980000)
  from space 6656K, 0% used [0x00000000fb980000,0x00000000fb980000,0x00000000fc000000)
  to   space 6656K, 0% used [0x00000000fd800000,0x00000000fd800000,0x00000000fde80000)
 ParOldGen       total 33280K, used 12111K [0x00000000e1200000, 0x00000000e3280000, 0x00000000f5b80000)
  object space 33280K, 36% used [0x00000000e1200000,0x00000000e1dd3c30,0x00000000e3280000)
 Metaspace       used 46021K, capacity 47844K, committed 48296K, reserved 1091584K
  class space    used 6193K, capacity 6522K, committed 6576K, reserved 1048576K
Event: 128.702 GC heap after
Heap after GC invocations=18 (full 2):
 PSYoungGen      total 124416K, used 6652K [0x00000000f5b80000, 0x00000000fe580000, 0x0000000100000000)
  eden space 117760K, 0% used [0x00000000f5b80000,0x00000000f5b80000,0x00000000fce80000)
  from space 6656K, 99% used [0x00000000fd800000,0x00000000fde7f0e8,0x00000000fde80000)
  to   space 9728K, 0% used [0x00000000fce80000,0x00000000fce80000,0x00000000fd800000)
 ParOldGen       total 33280K, used 18346K [0x00000000e1200000, 0x00000000e3280000, 0x00000000f5b80000)
  object space 33280K, 55% used [0x00000000e1200000,0x00000000e23ea810,0x00000000e3280000)
 Metaspace       used 46021K, capacity 47844K, committed 48296K, reserved 1091584K
  class space    used 6193K, capacity 6522K, committed 6576K, reserved 1048576K
}
Event: 173.012 GC heap before
{Heap before GC invocations=19 (full 2):
 PSYoungGen      total 124416K, used 124412K [0x00000000f5b80000, 0x00000000fe580000, 0x0000000100000000)
  eden space 117760K, 100% used [0x00000000f5b80000,0x00000000fce80000,0x00000000fce80000)
  from space 6656K, 99% used [0x00000000fd800000,0x00000000fde7f0e8,0x00000000fde80000)
  to   space 9728K, 0% used [0x00000000fce80000,0x00000000fce80000,0x00000000fd800000)
 ParOldGen       total 33280K, used 18346K [0x00000000e1200000, 0x00000000e3280000, 0x00000000f5b80000)
  object space 33280K, 55% used [0x00000000e1200000,0x00000000e23ea810,0x00000000e3280000)
 Metaspace       used 53816K, capacity 56264K, committed 56488K, reserved 1097728K
  class space    used 7411K, capacity 7814K, committed 7856K, reserved 1048576K
Event: 177.255 GC heap after
Heap after GC invocations=19 (full 2):
 PSYoungGen      total 127488K, used 9720K [0x00000000f5b80000, 0x0000000100000000, 0x0000000100000000)
  eden space 117760K, 0% used [0x00000000f5b80000,0x00000000f5b80000,0x00000000fce80000)
  from space 9728K, 99% used [0x00000000fce80000,0x00000000fd7fe020,0x00000000fd800000)
  to   space 12800K, 0% used [0x00000000ff380000,0x00000000ff380000,0x0000000100000000)
 ParOldGen       total 33280K, used 22536K [0x00000000e1200000, 0x00000000e3280000, 0x00000000f5b80000)
  object space 33280K, 67% used [0x00000000e1200000,0x00000000e2802338,0x00000000e3280000)
 Metaspace       used 53816K, capacity 56264K, committed 56488K, reserved 1097728K
  class space    used 7411K, capacity 7814K, committed 7856K, reserved 1048576K
}
Event: 241.669 GC heap before
{Heap before GC invocations=20 (full 2):
 PSYoungGen      total 127488K, used 83099K [0x00000000f5b80000, 0x0000000100000000, 0x0000000100000000)
  eden space 117760K, 62% used [0x00000000f5b80000,0x00000000fa328e08,0x00000000fce80000)
  from space 9728K, 99% used [0x00000000fce80000,0x00000000fd7fe020,0x00000000fd800000)
  to   space 12800K, 0% used [0x00000000ff380000,0x00000000ff380000,0x0000000100000000)
 ParOldGen       total 33280K, used 22536K [0x00000000e1200000, 0x00000000e3280000, 0x00000000f5b80000)
  object space 33280K, 67% used [0x00000000e1200000,0x00000000e2802338,0x00000000e3280000)
 Metaspace       used 56374K, capacity 59038K, committed 59160K, reserved 1099776K
  class space    used 7808K, capacity 8279K, committed 8368K, reserved 1048576K
Event: 242.881 GC heap after
Heap after GC invocations=20 (full 2):
 PSYoungGen      total 156160K, used 3733K [0x00000000f5b80000, 0x0000000100000000, 0x0000000100000000)
  eden space 143360K, 0% used [0x00000000f5b80000,0x00000000f5b80000,0x00000000fe780000)
  from space 12800K, 29% used [0x00000000ff380000,0x00000000ff725660,0x0000000100000000)
  to   space 12288K, 0% used [0x00000000fe780000,0x00000000fe780000,0x00000000ff380000)
 ParOldGen       total 33280K, used 29169K [0x00000000e1200000, 0x00000000e3280000, 0x00000000f5b80000)
  object space 33280K, 87% used [0x00000000e1200000,0x00000000e2e7c5e8,0x00000000e3280000)
 Metaspace       used 56374K, capacity 59038K, committed 59160K, reserved 1099776K
  class space    used 7808K, capacity 8279K, committed 8368K, reserved 1048576K
}
Event: 242.881 GC heap before
{Heap before GC invocations=21 (full 3):
 PSYoungGen      total 156160K, used 3733K [0x00000000f5b80000, 0x0000000100000000, 0x0000000100000000)
  eden space 143360K, 0% used [0x00000000f5b80000,0x00000000f5b80000,0x00000000fe780000)
  from space 12800K, 29% used [0x00000000ff380000,0x00000000ff725660,0x0000000100000000)
  to   space 12288K, 0% used [0x00000000fe780000,0x00000000fe780000,0x00000000ff380000)
 ParOldGen       total 33280K, used 29169K [0x00000000e1200000, 0x00000000e3280000, 0x00000000f5b80000)
  object space 33280K, 87% used [0x00000000e1200000,0x00000000e2e7c5e8,0x00000000e3280000)
 Metaspace       used 56374K, capacity 59038K, committed 59160K, reserved 1099776K
  class space    used 7808K, capacity 8279K, committed 8368K, reserved 1048576K
Event: 245.666 GC heap after
Heap after GC invocations=21 (full 3):
 PSYoungGen      total 156160K, used 0K [0x00000000f5b80000, 0x0000000100000000, 0x0000000100000000)
  eden space 143360K, 0% used [0x00000000f5b80000,0x00000000f5b80000,0x00000000fe780000)
  from space 12800K, 0% used [0x00000000ff380000,0x00000000ff380000,0x0000000100000000)
  to   space 12288K, 0% used [0x00000000fe780000,0x00000000fe780000,0x00000000ff380000)
 ParOldGen       total 48640K, used 19155K [0x00000000e1200000, 0x00000000e4180000, 0x00000000f5b80000)
  object space 48640K, 39% used [0x00000000e1200000,0x00000000e24b4d40,0x00000000e4180000)
 Metaspace       used 56374K, capacity 59038K, committed 59160K, reserved 1099776K
  class space    used 7808K, capacity 8279K, committed 8368K, reserved 1048576K
}

Deoptimization events (10 events):
Event: 236.322 Thread 0x0000000002eb5000 Uncommon trap: reason=unstable_if action=reinterpret pc=0x0000000003df3cdc method=org.springframework.transaction.interceptor.AbstractFallbackTransactionAttributeSource.computeTransactionAttribute(Ljava/lang/reflect/Method;Ljava/lang/Class;)Lorg/springfra
Event: 236.344 Thread 0x0000000002eb5000 Uncommon trap: reason=class_check action=maybe_recompile pc=0x0000000003e140f0 method=org.springframework.core.annotation.AnnotationsScanner.processMethodInheritedAnnotations(Ljava/lang/Object;Ljava/lang/reflect/Method;Lorg/springframework/core/annotation
Event: 236.344 Thread 0x0000000002eb5000 Uncommon trap: reason=bimorphic action=maybe_recompile pc=0x0000000003ddbe84 method=org.springframework.core.annotation.AnnotationsScanner.processMethodAnnotations(Ljava/lang/Object;ILjava/lang/reflect/Method;Lorg/springframework/core/annotation/Annotatio
Event: 240.646 Thread 0x0000000002eb5000 Uncommon trap: reason=bimorphic action=maybe_recompile pc=0x0000000003358448 method=java.util.regex.Matcher.match(II)Z @ 86
Event: 240.646 Thread 0x0000000002eb5000 Uncommon trap: reason=bimorphic action=maybe_recompile pc=0x0000000003dfb628 method=java.util.regex.Pattern$Slice.match(Ljava/util/regex/Matcher;ILjava/lang/CharSequence;)Z @ 75
Event: 240.913 Thread 0x0000000002eb5000 Uncommon trap: reason=bimorphic action=maybe_recompile pc=0x0000000003ae2518 method=java.net.URL.<init>(Ljava/net/URL;Ljava/lang/String;Ljava/net/URLStreamHandler;)V @ 504
Event: 240.914 Thread 0x0000000002eb5000 Uncommon trap: reason=class_check action=maybe_recompile pc=0x0000000003b26f30 method=java.net.URLStreamHandler.parseURL(Ljava/net/URL;Ljava/lang/String;II)V @ 1189
Event: 249.925 Thread 0x0000000016e11000 Uncommon trap: reason=unstable_if action=reinterpret pc=0x0000000003d672a4 method=org.springframework.core.annotation.TypeMappedAnnotations$IsPresent.doWithAnnotations(Ljava/lang/Object;ILjava/lang/Object;[Ljava/lang/annotation/Annotation;)Ljava/lang/Bool
Event: 251.481 Thread 0x0000000016e11000 Uncommon trap: reason=unstable_if action=reinterpret pc=0x000000000310e220 method=java.util.StringTokenizer.scanToken(I)I @ 96
Event: 253.271 Thread 0x0000000016e11000 Uncommon trap: reason=unstable_if action=reinterpret pc=0x00000000030d2680 method=java.lang.CharacterData.of(I)Ljava/lang/CharacterData; @ 4

Internal exceptions (10 events):
Event: 247.110 Thread 0x0000000016e11000 Exception <a 'java/lang/ClassNotFoundException': org/springframework/web/servlet/theme/AbstractThemeResolverCustomizer> (0x00000000f60dee28) thrown at [C:\re\workspace\8-2-build-windows-amd64-cygwin\jdk8u131\8869\hotspot\src\share\vm\classfile\systemDicti
Event: 247.358 Thread 0x0000000016e11000 Exception <a 'java/lang/ClassNotFoundException': org/springframework/web/servlet/theme/FixedThemeResolverCustomizer> (0x00000000f6103ef0) thrown at [C:\re\workspace\8-2-build-windows-amd64-cygwin\jdk8u131\8869\hotspot\src\share\vm\classfile\systemDictiona
Event: 247.459 Thread 0x0000000016e11000 Exception <a 'java/lang/ClassNotFoundException': org/springframework/web/servlet/ThemeResolverCustomizer> (0x00000000f6125ab8) thrown at [C:\re\workspace\8-2-build-windows-amd64-cygwin\jdk8u131\8869\hotspot\src\share\vm\classfile\systemDictionary.cpp, lin
Event: 247.566 Thread 0x0000000016e11000 Exception <a 'java/lang/ClassNotFoundException': java/lang/ObjectCustomizer> (0x00000000f614a860) thrown at [C:\re\workspace\8-2-build-windows-amd64-cygwin\jdk8u131\8869\hotspot\src\share\vm\classfile\systemDictionary.cpp, line 210]
Event: 247.614 Thread 0x0000000016e11000 Exception <a 'java/lang/ClassNotFoundException': org/springframework/web/servlet/view/DefaultRequestToViewNameTranslatorCustomizer> (0x00000000f6174b28) thrown at [C:\re\workspace\8-2-build-windows-amd64-cygwin\jdk8u131\8869\hotspot\src\share\vm\classfile
Event: 247.680 Thread 0x0000000016e11000 Exception <a 'java/lang/ClassNotFoundException': org/springframework/web/servlet/RequestToViewNameTranslatorCustomizer> (0x00000000f61a98d8) thrown at [C:\re\workspace\8-2-build-windows-amd64-cygwin\jdk8u131\8869\hotspot\src\share\vm\classfile\systemDicti
Event: 247.864 Thread 0x0000000016e11000 Exception <a 'java/lang/ClassNotFoundException': java/lang/ObjectCustomizer> (0x00000000f61eca90) thrown at [C:\re\workspace\8-2-build-windows-amd64-cygwin\jdk8u131\8869\hotspot\src\share\vm\classfile\systemDictionary.cpp, line 210]
Event: 247.918 Thread 0x0000000016e11000 Exception <a 'java/lang/ClassNotFoundException': org/springframework/web/servlet/support/AbstractFlashMapManagerCustomizer> (0x00000000f6214350) thrown at [C:\re\workspace\8-2-build-windows-amd64-cygwin\jdk8u131\8869\hotspot\src\share\vm\classfile\systemD
Event: 248.006 Thread 0x0000000016e11000 Exception <a 'java/lang/ClassNotFoundException': org/springframework/web/servlet/support/SessionFlashMapManagerCustomizer> (0x00000000f6272618) thrown at [C:\re\workspace\8-2-build-windows-amd64-cygwin\jdk8u131\8869\hotspot\src\share\vm\classfile\systemDi
Event: 248.822 Thread 0x0000000016e11000 Exception <a 'java/lang/ClassNotFoundException': org/springframework/web/servlet/FlashMapManagerCustomizer> (0x00000000f6294110) thrown at [C:\re\workspace\8-2-build-windows-amd64-cygwin\jdk8u131\8869\hotspot\src\share\vm\classfile\systemDictionary.cpp, l

Events (10 events):
Event: 259.978 loading class org/hibernate/hql/internal/ast/tree/DotNode$DereferenceType
Event: 259.978 loading class org/hibernate/hql/internal/ast/tree/DotNode$DereferenceType done
Event: 259.989 loading class org/hibernate/hql/internal/ast/tree/IdentNode
Event: 259.989 loading class org/hibernate/hql/internal/ast/tree/IdentNode done
Event: 260.033 loading class org/hibernate/hql/internal/ast/tree/FromElementFactory
Event: 260.033 loading class org/hibernate/hql/internal/ast/tree/FromElementFactory done
Event: 260.039 loading class org/hibernate/hql/internal/antlr/SqlTokenTypes
Event: 260.039 loading class org/hibernate/hql/internal/antlr/SqlTokenTypes done
Event: 260.044 loading class org/hibernate/hql/internal/ast/tree/ComponentJoin
Event: 260.044 loading class org/hibernate/hql/internal/ast/tree/ComponentJoin done


Dynamic libraries:
0x00007ff7e9e70000 - 0x00007ff7e9ea7000 	C:\Program Files\Java\jdk1.8.0_131\bin\javaw.exe
0x00007fff75d80000 - 0x00007fff75f52000 	C:\WINDOWS\SYSTEM32\ntdll.dll
0x00007fff755e0000 - 0x00007fff7568c000 	C:\WINDOWS\System32\KERNEL32.DLL
0x00007fff6d610000 - 0x00007fff6d624000 	C:\Program Files\AVAST Software\Avast\aswhook.dll
0x00007fff72730000 - 0x00007fff7294d000 	C:\WINDOWS\System32\KERNELBASE.dll
0x00007fff70870000 - 0x00007fff708ea000 	C:\WINDOWS\system32\apphelp.dll
0x00007fff74a70000 - 0x00007fff74b12000 	C:\WINDOWS\System32\ADVAPI32.dll
0x00007fff75750000 - 0x00007fff757ee000 	C:\WINDOWS\System32\msvcrt.dll
0x00007fff75cb0000 - 0x00007fff75d09000 	C:\WINDOWS\System32\sechost.dll
0x00007fff74fb0000 - 0x00007fff750d1000 	C:\WINDOWS\System32\RPCRT4.dll
0x00007fff75470000 - 0x00007fff755d5000 	C:\WINDOWS\System32\USER32.dll
0x00007fff72550000 - 0x00007fff7256e000 	C:\WINDOWS\System32\win32u.dll
0x00007fff75ba0000 - 0x00007fff75bd4000 	C:\WINDOWS\System32\GDI32.dll
0x00007fff72950000 - 0x00007fff72ad0000 	C:\WINDOWS\System32\gdi32full.dll
0x00007fff66dd0000 - 0x00007fff6704a000 	C:\WINDOWS\WinSxS\amd64_microsoft.windows.common-controls_6595b64144ccf1df_6.0.14393.953_none_42151e83c686086b\COMCTL32.dll
0x00007fff75860000 - 0x00007fff75b28000 	C:\WINDOWS\System32\combase.dll
0x00007fff72450000 - 0x00007fff72545000 	C:\WINDOWS\System32\ucrtbase.dll
0x00007fff72610000 - 0x00007fff7267a000 	C:\WINDOWS\System32\bcryptPrimitives.dll
0x00007fff75be0000 - 0x00007fff75c0e000 	C:\WINDOWS\System32\IMM32.DLL
0x000000006e250000 - 0x000000006e322000 	C:\Program Files\Java\jdk1.8.0_131\jre\bin\msvcr100.dll
0x000000006d9b0000 - 0x000000006e24c000 	C:\Program Files\Java\jdk1.8.0_131\jre\bin\server\jvm.dll
0x00007fff75850000 - 0x00007fff75858000 	C:\WINDOWS\System32\PSAPI.DLL
0x00007fff6f540000 - 0x00007fff6f549000 	C:\WINDOWS\SYSTEM32\WSOCK32.dll
0x00007fff75d10000 - 0x00007fff75d7a000 	C:\WINDOWS\System32\WS2_32.dll
0x00007fff70750000 - 0x00007fff70773000 	C:\WINDOWS\SYSTEM32\WINMM.dll
0x00007fff65f40000 - 0x00007fff65f4a000 	C:\WINDOWS\SYSTEM32\VERSION.dll
0x00007fff70610000 - 0x00007fff7063b000 	C:\WINDOWS\SYSTEM32\WINMMBASE.dll
0x00007fff72680000 - 0x00007fff726c2000 	C:\WINDOWS\System32\cfgmgr32.dll
0x000000006d9a0000 - 0x000000006d9af000 	C:\Program Files\Java\jdk1.8.0_131\jre\bin\verify.dll
0x000000006d970000 - 0x000000006d999000 	C:\Program Files\Java\jdk1.8.0_131\jre\bin\java.dll
0x000000006d950000 - 0x000000006d966000 	C:\Program Files\Java\jdk1.8.0_131\jre\bin\zip.dll
0x00007fff73310000 - 0x00007fff74819000 	C:\WINDOWS\System32\SHELL32.dll
0x00007fff72c30000 - 0x00007fff73309000 	C:\WINDOWS\System32\windows.storage.dll
0x00007fff72230000 - 0x00007fff7227c000 	C:\WINDOWS\System32\powrprof.dll
0x00007fff74f50000 - 0x00007fff74fa2000 	C:\WINDOWS\System32\shlwapi.dll
0x00007fff72220000 - 0x00007fff7222f000 	C:\WINDOWS\System32\kernel.appcore.dll
0x00007fff72b80000 - 0x00007fff72c29000 	C:\WINDOWS\System32\shcore.dll
0x00007fff72200000 - 0x00007fff72214000 	C:\WINDOWS\System32\profapi.dll
0x000000006d930000 - 0x000000006d94a000 	C:\Program Files\Java\jdk1.8.0_131\jre\bin\net.dll
0x00007fff71ac0000 - 0x00007fff71b1c000 	C:\WINDOWS\system32\mswsock.dll
0x000000006d910000 - 0x000000006d921000 	C:\Program Files\Java\jdk1.8.0_131\jre\bin\nio.dll
0x000000006d8c0000 - 0x000000006d8cd000 	C:\Program Files\Java\jdk1.8.0_131\jre\bin\management.dll
0x00007fff5e750000 - 0x00007fff5e766000 	C:\WINDOWS\system32\napinsp.dll
0x00007fff5e730000 - 0x00007fff5e74a000 	C:\WINDOWS\system32\pnrpnsp.dll
0x00007fff6fc00000 - 0x00007fff6fc18000 	C:\WINDOWS\system32\NLAapi.dll
0x00007fff71880000 - 0x00007fff71921000 	C:\WINDOWS\SYSTEM32\DNSAPI.dll
0x00007fff750e0000 - 0x00007fff750e8000 	C:\WINDOWS\System32\NSI.dll
0x00007fff71840000 - 0x00007fff71878000 	C:\WINDOWS\SYSTEM32\IPHLPAPI.DLL
0x00007fff5e720000 - 0x00007fff5e72e000 	C:\WINDOWS\System32\winrnr.dll
0x00007fff5e700000 - 0x00007fff5e715000 	C:\WINDOWS\System32\wshbth.dll
0x00007fff61620000 - 0x00007fff6162a000 	C:\Windows\System32\rasadhlp.dll
0x00007fff67c30000 - 0x00007fff67c9a000 	C:\WINDOWS\System32\fwpuclnt.dll
0x00007fff72140000 - 0x00007fff7216b000 	C:\WINDOWS\SYSTEM32\bcrypt.dll
0x00007fff71c60000 - 0x00007fff71c77000 	C:\WINDOWS\SYSTEM32\CRYPTSP.dll
0x00007fff716c0000 - 0x00007fff716f3000 	C:\WINDOWS\system32\rsaenh.dll
0x00007fff71940000 - 0x00007fff7195f000 	C:\WINDOWS\SYSTEM32\USERENV.dll
0x00007fff72120000 - 0x00007fff7212b000 	C:\WINDOWS\SYSTEM32\CRYPTBASE.dll
0x00007fff6b7f0000 - 0x00007fff6b806000 	C:\WINDOWS\SYSTEM32\dhcpcsvc6.DLL
0x00007fff6bef0000 - 0x00007fff6bf0a000 	C:\WINDOWS\SYSTEM32\dhcpcsvc.DLL

VM Arguments:
jvm_args: -ea -Dfile.encoding=UTF-8 
java_command: org.eclipse.jdt.internal.junit.runner.RemoteTestRunner -version 3 -port 53477 -testLoaderClass org.eclipse.jdt.internal.junit4.runner.JUnit4TestLoader -loaderpluginname org.eclipse.jdt.junit4.runtime -classNames com.tert.integrationtest.ContactControllerIT
java_class_path (initial): C:\Users\domssi\Desktop\demo\ContactProject\target\test-classes;C:\Users\domssi\Desktop\demo\ContactProject\target\classes;D:\eclipse-jee-2019-06-R-win32-x86_64\eclipse\plugins\org.junit_4.12.0.v201504281640\junit.jar;D:\eclipse-jee-2019-06-R-win32-x86_64\eclipse\plugins\org.hamcrest.core_1.3.0.v20180420-1519.jar;C:\Users\domssi\.m2\repository\org\springframework\boot\spring-boot-starter-data-jpa\2.2.0.RELEASE\spring-boot-starter-data-jpa-2.2.0.RELEASE.jar;C:\Users\domssi\.m2\repository\org\springframework\boot\spring-boot-starter-aop\2.2.0.RELEASE\spring-boot-starter-aop-2.2.0.RELEASE.jar;C:\Users\domssi\.m2\repository\org\springframework\spring-aop\5.2.0.RELEASE\spring-aop-5.2.0.RELEASE.jar;C:\Users\domssi\.m2\repository\org\aspectj\aspectjweaver\1.9.4\aspectjweaver-1.9.4.jar;C:\Users\domssi\.m2\repository\org\springframework\boot\spring-boot-starter-jdbc\2.2.0.RELEASE\spring-boot-starter-jdbc-2.2.0.RELEASE.jar;C:\Users\domssi\.m2\repository\com\zaxxer\HikariCP\3.4.1\HikariCP-3.4.1.jar;C:\Users\domssi\.m2\repository\org\springframework\spring-jdbc\5.2.0.RELEASE\spring-jdbc-5.2.0.RELEASE.jar;C:\Users\domssi\.m2\repository\jakarta\activation\jakarta.activation-api\1.2.1\jakarta.activation-api-1.2.1.jar;C:\Users\domssi\.m2\repository\jakarta\persistence\jakarta.persistence-api\2.2.3\jakarta.persistence-api-2.2.3.jar;C:\Users\domssi\.m2\repository\jakarta\transaction\jakarta.transaction-api\1.3.3\jakarta.transaction-api-1.3.3.jar;C:\Users\domssi\.m2\repository\org\hibernate\hibernate-core\5.4.6.Final\hibernate-core-5.4.6.Final.jar;C:\Users\domssi\.m2\repository\org\jboss\logging\jboss-logging\3.4.1.Final\jboss-logging-3.4.1.Final.jar;C:\Users\domssi\.m2\repository\org\javassist\javassist\3.24.0-GA\javassist-3.24.0-GA.jar;C:\Users\domssi\.m2\repository\net\bytebuddy\byte-buddy\1.10.1\byte-buddy-1.10.1.jar;C:\Users\domssi\.m2\repository\antlr\antlr\2.7.7\antlr-2.7.7.jar;C:\Users\domssi\.m2\repository\org\jboss\jandex\2.0.5.Final\jandex-2.0.5
Launcher Type: SUN_STANDARD

Environment Variables:
PATH=C:\WINDOWS\system32;C:\WINDOWS;C:\WINDOWS\System32\Wbem;C:\WINDOWS\System32\WindowsPowerShell\v1.0\;C:\Program Files\nodejs\;C:\Program Files\Git\cmd;C:\a\apache-maven-3.6.0\bin;C:\Program Files\Java\jdk1.8.0_131\bin;C:\Users\domssi\AppData\Local\Microsoft\WindowsApps;C:\Users\domssi\AppData\Roaming\npm;C:\Users\domssi\AppData\Local\GitHubDesktop\bin
USERNAME=domssi
OS=Windows_NT
PROCESSOR_IDENTIFIER=Intel64 Family 6 Model 76 Stepping 4, GenuineIntel



---------------  S Y S T E M  ---------------

OS: Windows 10.0 , 64 bit Build 14393 (10.0.14393.2189)

CPU:total 4 (initial active 4) (4 cores per cpu, 1 threads per core) family 6 model 76 stepping 4, cmov, cx8, fxsr, mmx, sse, sse2, sse3, ssse3, sse4.1, sse4.2, popcnt, aes, clmul, erms, 3dnowpref, tsc, tscinvbit

Memory: 4k page, physical 2019372k(5416k free), swap 5678376k(1628k free)

vm_info: Java HotSpot(TM) 64-Bit Server VM (25.131-b11) for windows-amd64 JRE (1.8.0_131-b11), built on Mar 15 2017 01:23:53 by "java_re" with MS VC++ 10.0 (VS2010)

time: Wed Oct 30 13:50:49 2019
elapsed time: 261 seconds (0d 0h 4m 21s)

